 0000           *
 0000           *
 0000           *  Define HC12 I/O register locations (9S12DP256)
 0000           *
 0000           REGBS           EQU $0000    ; DP256 register bank base address
 0000           
 0000           PORTA:          EQU REGBS+0   ;port A = Address lines A8 - A15
 0000           PORTB:          EQU REGBS+1   ;port B = Address lines A0 - A7
 0000           DDRA:           EQU REGBS+2   ;port A direction register
 0000           DDRB:           EQU REGBS+3   ;port A direction register
 0000           
 0000           PORTE:          EQU REGBS+8   ;port E = mode,IRQandcontrolsignals
 0000           DDRE:           EQU REGBS+9   ;port E direction register
 0000           PEAR:           EQU REGBS+$A  ;port E assignments
 0000           MODE:           EQU REGBS+$B  ;Mode register
 0000           PUCR:           EQU REGBS+$C  ;port pull-up control register
 0000           RDRIV:          EQU REGBS+$D  ;port reduced drive control register
 0000           EBICTL:         EQU REGBS+$E  ;E stretch control
 0000           
 0000           INITRM:         EQU REGBS+$10 ;Ram location register
 0000           INITRG:         EQU REGBS+$11 ;Register location register
 0000           INITEE:         EQU REGBS+$12 ;EEprom location register
 0000           MISC:           EQU REGBS+$13 ;Miscellaneous Mapping control
 0000           MTST0:          EQU REGBS+$14 ; RESERVED
 0000           ITCR:           EQU REGBS+$15 ;Interrupt test control register
 0000           ITEST:          EQU REGBS+$16 ;Interrupt test register
 0000           MTST1:          EQU REGBS+$17 ; Reserved
 0000           
 0000           PARTIDH:        EQU REGBS+$1A ;Part ID high
 0000           PARTIDL:        EQU REGBS+$1B ;Part ID low
 0000           MEMSIZ0:        EQU REGBS+$1C ;memory size
 0000           MEMSIZ1:        EQU REGBS+$1D ;memory size
 0000           INTCR:          EQU REGBS+$1E ;interrupt control register
 0000           HPRIO:          EQU REGBS+$1F ;high priority reg
 0000           
 0000           BKPCT0:         EQU REGBS+$28 ;Break control register
 0000           BKPCT1:         EQU REGBS+$29 ;Break control register
 0000           BKP0X:          EQU REGBS+$2A ; Break 0 index register
 0000           BKP0H:          EQU REGBS+$2B ; Break 0 pointer high
 0000           BRP0L:          EQU REGBS+$2C ; Break 0 pointer low
 0000           BKP1X:          EQU REGBS+$2D ; Break 1 index register
 0000           BKP1H:          EQU REGBS+$2E ; Break 1 pointer high
 0000           BRP1L:          EQU REGBS+$2F ; Break 1 pointer low
 0000           PPAGE:          EQU REGBS+$30 ;Program Page register
 0000           
 0000           PORTK:          EQU REGBS+$32 ;Port K data
 0000           DDRK:           EQU REGBS+$33 ;Port K direction
 0000           SYNR:           EQU REGBS+$34 ; Synthesizer / multiplier register
 0000           REFDV:          EQU REGBS+$35 ; Reference divider register
 0000           CTFLG:          EQU REGBS+$36 ; RESERVED
 0000           CRGFLG:         EQU REGBS+$37 ; PLL flags register
 0000           CRGINT:         EQU REGBS+$38 ; PLL interrupt register
 0000           CLKSEL:         EQU REGBS+$39 ; Clock select register
 0000           PLLCTL:         EQU REGBS+$3A ; PLL control register
 0000           RTICTL:         EQU REGBS+$3B ;Real time interrupt control
 0000           COPCTL:         EQU REGBS+$3C ;Watchdog control
 0000           FORBYP:         EQU REGBS+$3D ;
 0000           CTCTL:          EQU REGBS+$3E ;
 0000           ARMCOP:         EQU REGBS+$3F ;COP reset register
 0000           
 0000           TIOS:           EQU REGBS+$40 ;timer input/output select
 0000           CFORC:          EQU REGBS+$41 ;timer compare force
 0000           OC7M:           EQU REGBS+$42 ;timer output compare 7 mask
 0000           OC7D:           EQU REGBS+$43 ;timer output compare 7 data
 0000           TCNT:           EQU REGBS+$44 ;timer counter register hi
 0000           *TCNT:          EQU REGBS+$45 ;timer counter register lo
 0000           TSCR:           EQU REGBS+$46 ;timer system control register
 0000           TTOV:           EQU REGBS+$47 ;reserved
 0000           TCTL1:          EQU REGBS+$48 ;timer control register 1
 0000           TCTL2:          EQU REGBS+$49 ;timer control register 2
 0000           TCTL3:          EQU REGBS+$4A ;timer control register 3
 0000           TCTL4:          EQU REGBS+$4B ;timer control register 4
 0000           TMSK1:          EQU REGBS+$4C ;timer interrupt mask 1
 0000           TMSK2:          EQU REGBS+$4D ;timer interrupt mask 2
 0000           TFLG1:          EQU REGBS+$4E ;timer flags 1
 0000           TFLG2:          EQU REGBS+$4F ;timer flags 2
 0000           TC0:            EQU REGBS+$50 ;timer capture/compare register 0
 0000           *TC0:           EQU REGBS+$51 ;
 0000           TC1:            EQU REGBS+$52 ;timer capture/compare register 1
 0000           *TC1:           EQU REGBS+$53 ;
 0000           TC2:            EQU REGBS+$54 ;timer capture/compare register 2
 0000           *TC2:           EQU REGBS+$55 ;
 0000           TC3:            EQU REGBS+$56 ;timer capture/compare register 3
 0000           *TC3:           EQU REGBS+$57 ;
 0000           TC4:            EQU REGBS+$58 ;timer capture/compare register 4
 0000           *TC4:           EQU REGBS+$59 ;
 0000           TC5:            EQU REGBS+$5A ;timer capture/compare register 5
 0000           *TC5:           EQU REGBS+$5B ;
 0000           TC6:            EQU REGBS+$5C ;timer capture/compare register 6
 0000           *TC6:           EQU REGBS+$5D ;
 0000           TC7:            EQU REGBS+$5E ;timer capture/compare register 7
 0000           *TC7:           EQU REGBS+$5F ;
 0000           PACTL:          EQU REGBS+$60 ;pulse accumulator controls
 0000           PAFLG:          EQU REGBS+$61 ;pulse accumulator flags
 0000           PACN3:          EQU REGBS+$62 ;pulse accumulator counter 3
 0000           PACN2:          EQU REGBS+$63 ;pulse accumulator counter 2
 0000           PACN1:          EQU REGBS+$64 ;pulse accumulator counter 1
 0000           PACN0:          EQU REGBS+$65 ;pulse accumulator counter 0
 0000           MCCTL:          EQU REGBS+$66 ;Modulus down conunter control
 0000           MCFLG:          EQU REGBS+$67 ;down counter flags
 0000           ICPAR:          EQU REGBS+$68 ;Input pulse accumulator control
 0000           DLYCT:          EQU REGBS+$69 ;Delay count to down counter
 0000           ICOVW:          EQU REGBS+$6A ;Input control overwrite register
 0000           ICSYS:          EQU REGBS+$6B ;Input control system control
 0000           
 0000           TIMTST:         EQU REGBS+$6D ;timer test register
 0000           
 0000           PBCTL:          EQU REGBS+$70 ; Pulse accumulator B control
 0000           PBFLG:          EQU REGBS+$71 ; Pulse accumulator B flags
 0000           PA3H:           EQU REGBS+$72 ; Pulse Accumulator holding register 3
 0000           PA2H:           EQU REGBS+$73 ; Pulse Accumulator holding register 2
 0000           PA1H:           EQU REGBS+$74 ; Pulse Accumulator holding register 1
 0000           PA0H:           EQU REGBS+$75 ; Pulse Accumulator holding register 0
 0000           MCCNT:          EQU REGBS+$76 ; Modulus down counter register
 0000           *MCCNTL:        EQU REGBS+$77 ; low byte
 0000           TCOH:           EQU REGBS+$78 ; Capture 0 holding register
 0000           TC1H:           EQU REGBS+$7A ; Capture 1 holding register
 0000           TC2H:           EQU REGBS+$7C ; Capture 2 holding register
 0000           TC3H:           EQU REGBS+$7E ; Capture 3 holding register
 0000           
 0000           ATD0CTL0:       EQU REGBS+$80 ;ADC control 0 (reserved)
 0000           ATD0CTL1:       EQU REGBS+$81 ;ADC control 1 (reserved)
 0000           ATD0CTL2:       EQU REGBS+$82 ;ADC control 2
 0000           ATD0CTL3:       EQU REGBS+$83 ;ADC control 3
 0000           ATD0CTL4:       EQU REGBS+$84 ;ADC control 4
 0000           ATD0CTL5:       EQU REGBS+$85 ;ADC control 5
 0000           ATD0STAT:       EQU REGBS+$86 ;ADC status register hi
 0000           *ATD0STAT       EQU REGBS+$87 ;ADC status register lo
 0000           ATD0TEST:       EQU REGBS+$88 ;ADC test (reserved)
 0000           *ATD0TEST       EQU REGBS+$89 ;
 0000           
 0000           ATD0DIEN:       EQU REGBS+$8D ;
 0000           
 0000           PORTAD:         EQU REGBS+$8F ;port ADC = input only
 0000           ADR00H:         EQU REGBS+$90 ;ADC result 0 register
 0000           ADR01H:         EQU REGBS+$92 ;ADC result 1 register
 0000           ADR02H:         EQU REGBS+$94 ;ADC result 2 register
 0000           ADR03H:         EQU REGBS+$96 ;ADC result 3 register
 0000           ADR04H:         EQU REGBS+$98 ;ADC result 4 register
 0000           ADR05H:         EQU REGBS+$9A ;ADC result 5 register
 0000           ADR06H:         EQU REGBS+$9C ;ADC result 6 register
 0000           ADR07H:         EQU REGBS+$9E ;ADC result 7 register
 0000           
 0000           PWME:           EQU REGBS+$A0 ;PWM enable
 0000           PWMPOL:         EQU REGBS+$A1 ;PWM polarity
 0000           PWMCLK:         EQU REGBS+$A2 ;PWM clock select register
 0000           PWMPRCLK:       EQU REGBS+$A3 ;PWM Prescale clock select register
 0000           PWMCAE:         EQU REGBS+$A4 ;PWM center align select register
 0000           PWMCTL:         EQU REGBS+$A5 ;PWM control register
 0000           PWMTST:         EQU REGBS+$A6 ;reserved
 0000           PWMPRSC:        EQU REGBS+$A7 ;reserved
 0000           PWMSCLA:        EQU REGBS+$A8 ;PWM Scale A
 0000           PWMSCLB:        EQU REGBS+$A9 ;PWM scale B
 0000           PWMSCNTA:       EQU REGBS+$AA ;reserved
 0000           PWMSCNTB:       EQU REGBS+$AB ;reserved
 0000           PWMCNT0:        EQU REGBS+$AC ;PWM channel 0 counter
 0000           PWMCNT1:        EQU REGBS+$AD ;PWM channel 1 counter
 0000           PWMCNT2:        EQU REGBS+$AE ;PWM channel 2 counter
 0000           PWMCNT3:        EQU REGBS+$AF ;PWM channel 3 counter
 0000           PWMCNT4:        EQU REGBS+$B0 ;PWM channel 4 counter
 0000           PWMCNT5:        EQU REGBS+$B1 ;PWM channel 5 counter
 0000           PWMCNT6:        EQU REGBS+$B2 ;PWM channel 6 counter
 0000           PWMCNT7:        EQU REGBS+$B3 ;PWM channel 7 counter
 0000           PWMPER0:        EQU REGBS+$B4 ;PWM channel 0 period
 0000           PWMPER1:        EQU REGBS+$B5 ;PWM channel 1 period
 0000           PWMPER2:        EQU REGBS+$B6 ;PWM channel 2 period
 0000           PWMPER3:        EQU REGBS+$B7 ;PWM channel 3 period
 0000           PWMPER4:        EQU REGBS+$B8 ;PWM channel 4 period
 0000           PWMPER5:        EQU REGBS+$B9 ;PWM channel 5 period
 0000           PWMPER6:        EQU REGBS+$BA ;PWM channel 6 period
 0000           PWMPER7:        EQU REGBS+$BB ;PWM channel 7 period
 0000           PWMDTY0:        EQU REGBS+$BC ;PWM channel 0 duty cycle
 0000           PWMDTY1:        EQU REGBS+$BD ;PWM channel 1 duty cycle
 0000           PWMDTY2:        EQU REGBS+$BE ;PWM channel 2 duty cycle
 0000           PWMDTY3:        EQU REGBS+$BF ;PWM channel 3 duty cycle
 0000           PWMDTY4:        EQU REGBS+$C0 ;PWM channel 0 duty cycle
 0000           PWMDTY5:        EQU REGBS+$C1 ;PWM channel 1 duty cycle
 0000           PWMDTY6:        EQU REGBS+$C2 ;PWM channel 2 duty cycle
 0000           PWMDTY7:        EQU REGBS+$C3 ;PWM channel 3 duty cycle
 0000           PWMSDN:         EQU REGBS+$C4 ;PWM shutdown register
 0000           
 0000           SC0BDH:         EQU REGBS+$C8 ;sci 0 baud reg hi byte
 0000           SC0BDL:         EQU REGBS+$C9 ;sci 0 baud reg lo byte
 0000           SC0CR1:         EQU REGBS+$CA ;sci 0 control1 reg
 0000           SC0CR2:         EQU REGBS+$CB ;sci 0 control2 reg
 0000           SC0SR1:         EQU REGBS+$CC ;sci 0 status reg 1
 0000           SC0SR2:         EQU REGBS+$CD ;sci 0 status reg 2
 0000           SC0DRH:         EQU REGBS+$CE ;sci 0 data reg hi
 0000           SC0DRL:         EQU REGBS+$CF ;sci 0 data reg lo
 0000           SC1BDH:         EQU REGBS+$D0 ;sci 1 baud reg hi byte
 0000           SC1BDL:         EQU REGBS+$D1 ;sci 1 baud reg lo byte
 0000           SC1CR1:         EQU REGBS+$D2 ;sci 1 control1 reg
 0000           SC1CR2:         EQU REGBS+$D3 ;sci 1 control2 reg
 0000           SC1SR1:         EQU REGBS+$D4 ;sci 1 status reg 1
 0000           SC1SR2:         EQU REGBS+$D5 ;sci 1 status reg 2
 0000           SC1DRH:         EQU REGBS+$D6 ;sci 1 data reg hi
 0000           SC1DRL:         EQU REGBS+$D7 ;sci 1 data reg lo
 0000           SPI0CR1:        EQU REGBS+$D8 ;spi 0 control1 reg
 0000           SPI0CR2:        EQU REGBS+$D9 ;spi 0 control2 reg
 0000           SPI0BR:         EQU REGBS+$DA ;spi 0 baud reg
 0000           SPI0SR:         EQU REGBS+$DB ;spi 0 status reg hi
 0000           
 0000           SP0DR:          EQU REGBS+$DD ;spi 0 data reg
 0000           
 0000           IBAD:           EQU REGBS+$E0 ;I2C Bus address register
 0000           IBFD:           EQU REGBS+$E1 ;I2C Bus frequency divider
 0000           IBCR:           EQU REGBS+$E2 ;I2C Bus control register
 0000           IBSR:           EQU REGBS+$E3 ;I2C Bus status register
 0000           IBDR:           EQU REGBS+$E4 ;I2C Bus message data register
 0000           
 0000           DLCBCR1:        EQU REGBS+$E8 ;BDLC Control regsiter 1
 0000           DLCBSVR:        EQU REGBS+$E9 ;BDLC State vector register
 0000           DLCBCR2:        EQU REGBS+$EA ;BDLC Control register 2
 0000           DLCBDR:         EQU REGBS+$EB ;BDLC Data register
 0000           DLCBARD:        EQU REGBS+$EC ;BDLC Analog delay register
 0000           DLCBRSR:        EQU REGBS+$ED ;BDLC Rate select register
 0000           DLCSCR:         EQU REGBS+$EE ;BDLC Control register
 0000           DLCBSTAT:       EQU REGBS+$EF ;BDLC Status register
 0000           SPI1CR1:        EQU REGBS+$F0 ;spi 1 control1 reg
 0000           SPI1CR2:        EQU REGBS+$F1 ;spi 1 control2 reg
 0000           SPI1BR:         EQU REGBS+$F2 ;spi 1 baud reg
 0000           SPI1SR:         EQU REGBS+$F3 ;spi 1 status reg hi
 0000           
 0000           SP1DR:          EQU REGBS+$F5 ;spi 1 data reg
 0000           
 0000           SPI2CR1:        EQU REGBS+$F8 ;spi 2 control1 reg
 0000           SPI2CR2:        EQU REGBS+$F9 ;spi 2 control2 reg
 0000           SPI2BR:         EQU REGBS+$FA ;spi 2 baud reg
 0000           SPI2SR:         EQU REGBS+$FB ;spi 2 status reg hi
 0000           
 0000           SP2DR:          EQU REGBS+$FD ;spi 2 data reg
 0000           
 0000           FCLKDIV:        EQU REGBS+$100 ;FLASH clock divider
 0000           FSEC:           EQU REGBS+$101 ;FLASH security register
 0000           
 0000           FCNFG:          EQU REGBS+$103 ;FLASH configuration register
 0000           FPROT:          EQU REGBS+$104 ;FLASH protection register
 0000           FSTAT:          EQU REGBS+$105 ;FLASH status register
 0000           FCMD:           EQU REGBS+$106 ;FLASH command register
 0000           
 0000           ECLKDIV:        EQU REGBS+$110 ;EEPROM clock divider
 0000           
 0000           ECNFG:          EQU REGBS+$113 ;EEPROM configuration register
 0000           EPROT:          EQU REGBS+$114 ;EEPROM protection register
 0000           ESTAT:          EQU REGBS+$115 ;EEPROM status register
 0000           ECMD:           EQU REGBS+$116 ;EEPROM command register
 0000           
 0000           ATD1CTL0:       EQU REGBS+$120 ;ADC1 control 0 (reserved)
 0000           ATD1CTL1:       EQU REGBS+$121 ;ADC1 control 1 (reserved)
 0000           ATD1CTL2:       EQU REGBS+$122 ;ADC1 control 2
 0000           ATD1CTL3:       EQU REGBS+$123 ;ADC1 control 3
 0000           ATD1CTL4:       EQU REGBS+$124 ;ADC1 control 4
 0000           ATD1CTL5:       EQU REGBS+$125 ;ADC1 control 5
 0000           ATD1STAT:       EQU REGBS+$126 ;ADC1 status register hi
 0000           *ATD1STAT       EQU REGBS+$127 ;ADC1 status register lo
 0000           ATD1TEST:       EQU REGBS+$128 ;ADC1 test (reserved)
 0000           *ATD1TEST       EQU REGBS+$129 ;
 0000           
 0000           ATDDIEN:        EQU REGBS+$12D ;ADC1 INPUT ENABLE REGISTER
 0000           
 0000           PORTAD1:        EQU REGBS+$12F ;port ADC1 = input only
 0000           ADR10H:         EQU REGBS+$130 ;ADC1 result 0 register
 0000           ADR11H:         EQU REGBS+$132 ;ADC1 result 1 register
 0000           ADR12H:         EQU REGBS+$134 ;ADC1 result 2 register
 0000           ADR13H:         EQU REGBS+$136 ;ADC1 result 3 register
 0000           ADR14H:         EQU REGBS+$138 ;ADC1 result 4 register
 0000           ADR15H:         EQU REGBS+$13A ;ADC1 result 5 register
 0000           ADR16H:         EQU REGBS+$13C ;ADC1 result 6 register
 0000           ADR17H:         EQU REGBS+$13E ;ADC1 result 7 register
 0000           CAN0CTL0:       EQU REGBS+$140 ;CAN0 control register 0
 0000           CAN0CTL1:       EQU REGBS+$141 ;CAN0 control register 1
 0000           CAN0BTR0:       EQU REGBS+$142 ;CAN0 bus timing register 0
 0000           CAN0BTR1:       EQU REGBS+$143 ;CAN0 bus timing register 1
 0000           CAN0RFLG:       EQU REGBS+$144 ;CAN0 receiver flags
 0000           CAN0RIER:       EQU REGBS+$145 ;CAN0 receiver interrupt enables
 0000           CAN0TFLG:       EQU REGBS+$146 ;CAN0 transmit flags
 0000           CAN0TIER:       EQU REGBS+$147 ;CAN0 transmit interrupt enables
 0000           CAN0TARQ:       EQU REGBS+$148 ;CAN0 transmit message abort control
 0000           CAN0TAAK:       EQU REGBS+$149 ;CAN0 transmit message abort status
 0000           CAN0TBEL:       EQU REGBS+$14A ;CAN0 transmit buffer select
 0000           CAN0IDAC:       EQU REGBS+$14B ;CAN0 identfier acceptance control
 0000           
 0000           CAN0RERR:       EQU REGBS+$14E ;CAN0 Receive error counter
 0000           CAN0TERR:       EQU REGBS+$14F ;CAN0 Transmit error counter
 0000           CAN0IDA0:       EQU REGBS+$150 ;CAN0 Identifier acceptance register 0
 0000           CAN0IDA1:       EQU REGBS+$151 ;CAN0 Identifier acceptance register 1
 0000           CAN0IDA2:       EQU REGBS+$152 ;CAN0 Identifier acceptance register 2
 0000           CAN0IDA3:       EQU REGBS+$153 ;CAN0 Identifier acceptance register 3
 0000           CAN0IDM0:       EQU REGBS+$154 ;CAN0 Identifier mask register 0
 0000           CAN0IDM1:       EQU REGBS+$155 ;CAN0 Identifier mask register 1
 0000           CAN0IDM2:       EQU REGBS+$156 ;CAN0 Identifier mask register 2
 0000           CAN0IDM3:       EQU REGBS+$157 ;CAN0 Identifier mask register 3
 0000           CAN0IDA4:       EQU REGBS+$158 ;CAN0 Identifier acceptance register 4
 0000           CAN0IDA5:       EQU REGBS+$159 ;CAN0 Identifier acceptance register 5
 0000           CAN0IDA6:       EQU REGBS+$15A ;CAN0 Identifier acceptance register 6
 0000           CAN0IDA7:       EQU REGBS+$15B ;CAN0 Identifier acceptance register 7
 0000           CAN0IDM4:       EQU REGBS+$15C ;CAN0 Identifier mask register 4
 0000           CAN0IDM5:       EQU REGBS+$15D ;CAN0 Identifier mask register 5
 0000           CAN0IDM6:       EQU REGBS+$15E ;CAN0 Identifier mask register 6
 0000           CAN0IDM7:       EQU REGBS+$15F ;CAN0 Identifier mask register 7
 0000           CAN0RXFG:       EQU REGBS+$160 ;CAN0 RX foreground buffer thru +$16F
 0000           CAN0TXFG:       EQU REGBS+$170 ;CAN0 TX foreground buffer thru +$17F
 0000           
 0000           CAN1CTL0:       EQU REGBS+$180 ;CAN1 control register 0
 0000           CAN1CTL1:       EQU REGBS+$181 ;CAN1 control register 1
 0000           CAN1BTR0:       EQU REGBS+$182 ;CAN1 bus timing register 0
 0000           CAN1BTR1:       EQU REGBS+$183 ;CAN1 bus timing register 1
 0000           CAN1RFLG:       EQU REGBS+$184 ;CAN1 receiver flags
 0000           CAN1RIER:       EQU REGBS+$185 ;CAN1 receiver interrupt enables
 0000           CAN1TFLG:       EQU REGBS+$186 ;CAN1 transmit flags
 0000           CAN1TIER:       EQU REGBS+$187 ;CAN1 transmit interrupt enables
 0000           CAN1TARQ:       EQU REGBS+$188 ;CAN1 transmit message abort control
 0000           CAN1TAAK:       EQU REGBS+$189 ;CAN1 transmit message abort status
 0000           CAN1TBEL:       EQU REGBS+$18A ;CAN1 transmit buffer select
 0000           CAN1IDAC:       EQU REGBS+$18B ;CAN1 identfier acceptance control
 0000           
 0000           CAN1RERR:       EQU REGBS+$18E ;CAN1 Receive error counter
 0000           CAN1TERR:       EQU REGBS+$18F ;CAN1 Transmit error counter
 0000           CAN1IDA0:       EQU REGBS+$190 ;CAN1 Identifier acceptance register 0
 0000           CAN1IDA1:       EQU REGBS+$191 ;CAN1 Identifier acceptance register 1
 0000           CAN1IDA2:       EQU REGBS+$192 ;CAN1 Identifier acceptance register 2
 0000           CAN1IDA3:       EQU REGBS+$193 ;CAN1 Identifier acceptance register 3
 0000           CAN1IDM0:       EQU REGBS+$194 ;CAN1 Identifier mask register 0
 0000           CAN1IDM1:       EQU REGBS+$195 ;CAN1 Identifier mask register 1
 0000           CAN1IDM2:       EQU REGBS+$196 ;CAN1 Identifier mask register 2
 0000           CAN1IDM3:       EQU REGBS+$197 ;CAN1 Identifier mask register 3
 0000           CAN1IDA4:       EQU REGBS+$198 ;CAN1 Identifier acceptance register 4
 0000           CAN1IDA5:       EQU REGBS+$199 ;CAN1 Identifier acceptance register 5
 0000           CAN1IDA6:       EQU REGBS+$19A ;CAN1 Identifier acceptance register 6
 0000           CAN1IDA7:       EQU REGBS+$19B ;CAN1 Identifier acceptance register 7
 0000           CAN1IDM4:       EQU REGBS+$19C ;CAN1 Identifier mask register 4
 0000           CAN1IDM5:       EQU REGBS+$19D ;CAN1 Identifier mask register 5
 0000           CAN1IDM6:       EQU REGBS+$19E ;CAN1 Identifier mask register 6
 0000           CAN1IDM7:       EQU REGBS+$19F ;CAN1 Identifier mask register 7
 0000           CAN1RXFG:       EQU REGBS+$1A0 ;CAN1 RX foreground buffer thru +$1AF
 0000           CAN1TXFG:       EQU REGBS+$1B0 ;CAN1 TX foreground buffer thru +$1BF
 0000           
 0000           CAN2CTL0:       EQU REGBS+$1C0 ;CAN2 control register 0
 0000           CAN2CTL1:       EQU REGBS+$1C1 ;CAN2 control register 1
 0000           CAN2BTR0:       EQU REGBS+$1C2 ;CAN2 bus timing register 0
 0000           CAN2BTR1:       EQU REGBS+$1C3 ;CAN2 bus timing register 1
 0000           CAN2RFLG:       EQU REGBS+$1C4 ;CAN2 receiver flags
 0000           CAN2RIER:       EQU REGBS+$1C5 ;CAN2 receiver interrupt enables
 0000           CAN2TFLG:       EQU REGBS+$1C6 ;CAN2 transmit flags
 0000           CAN2TIER:       EQU REGBS+$1C7 ;CAN2 transmit interrupt enables
 0000           CAN2TARQ:       EQU REGBS+$1C8 ;CAN2 transmit message abort control
 0000           CAN2TAAK:       EQU REGBS+$1C9 ;CAN2 transmit message abort status
 0000           CAN2TBEL:       EQU REGBS+$1CA ;CAN2 transmit buffer select
 0000           CAN2IDAC:       EQU REGBS+$1CB ;CAN2 identfier acceptance control
 0000           
 0000           CAN2RERR:       EQU REGBS+$1CE ;CAN2 Receive error counter
 0000           CAN2TERR:       EQU REGBS+$1CF ;CAN2 Transmit error counter
 0000           CAN2IDA0:       EQU REGBS+$1D0 ;CAN2 Identifier acceptance register 0
 0000           CAN2IDA1:       EQU REGBS+$1D1 ;CAN2 Identifier acceptance register 1
 0000           CAN2IDA2:       EQU REGBS+$1D2 ;CAN2 Identifier acceptance register 2
 0000           CAN2IDA3:       EQU REGBS+$1D3 ;CAN2 Identifier acceptance register 3
 0000           CAN2IDM0:       EQU REGBS+$1D4 ;CAN2 Identifier mask register 0
 0000           CAN2IDM1:       EQU REGBS+$1D5 ;CAN2 Identifier mask register 1
 0000           CAN2IDM2:       EQU REGBS+$1D6 ;CAN2 Identifier mask register 2
 0000           CAN2IDM3:       EQU REGBS+$1D7 ;CAN2 Identifier mask register 3
 0000           CAN2IDA4:       EQU REGBS+$1D8 ;CAN2 Identifier acceptance register 4
 0000           CAN2IDA5:       EQU REGBS+$1D9 ;CAN2 Identifier acceptance register 5
 0000           CAN2IDA6:       EQU REGBS+$1DA ;CAN2 Identifier acceptance register 6
 0000           CAN2IDA7:       EQU REGBS+$1DB ;CAN2 Identifier acceptance register 7
 0000           CAN2IDM4:       EQU REGBS+$1DC ;CAN2 Identifier mask register 4
 0000           CAN2IDM5:       EQU REGBS+$1DD ;CAN2 Identifier mask register 5
 0000           CAN2IDM6:       EQU REGBS+$1DE ;CAN2 Identifier mask register 6
 0000           CAN2IDM7:       EQU REGBS+$1DF ;CAN2 Identifier mask register 7
 0000           CAN2RXFG:       EQU REGBS+$1E0 ;CAN2 RX foreground buffer thru +$1EF
 0000           CAN2TXFG:       EQU REGBS+$1F0 ;CAN2 TX foreground buffer thru +$1FF
 0000           
 0000           CAN3CTL0:       EQU REGBS+$200 ;CAN3 control register 0
 0000           CAN3CTL1:       EQU REGBS+$201 ;CAN3 control register 1
 0000           CAN3BTR0:       EQU REGBS+$202 ;CAN3 bus timing register 0
 0000           CAN3BTR1:       EQU REGBS+$203 ;CAN3 bus timing register 1
 0000           CAN3RFLG:       EQU REGBS+$204 ;CAN3 receiver flags
 0000           CAN3RIER:       EQU REGBS+$205 ;CAN3 receiver interrupt enables
 0000           CAN3TFLG:       EQU REGBS+$206 ;CAN3 transmit flags
 0000           CAN3TIER:       EQU REGBS+$207 ;CAN3 transmit interrupt enables
 0000           CAN3TARQ:       EQU REGBS+$208 ;CAN3 transmit message abort control
 0000           CAN3TAAK:       EQU REGBS+$209 ;CAN3 transmit message abort status
 0000           CAN3TBEL:       EQU REGBS+$20A ;CAN3 transmit buffer select
 0000           CAN3IDAC:       EQU REGBS+$20B ;CAN3 identfier acceptance control
 0000           
 0000           CAN3RERR:       EQU REGBS+$20E ;CAN3 Receive error counter
 0000           CAN3TERR:       EQU REGBS+$20F ;CAN3 Transmit error counter
 0000           CAN3IDA0:       EQU REGBS+$210 ;CAN3 Identifier acceptance register 0
 0000           CAN3IDA1:       EQU REGBS+$211 ;CAN3 Identifier acceptance register 1
 0000           CAN3IDA2:       EQU REGBS+$212 ;CAN3 Identifier acceptance register 2
 0000           CAN3IDA3:       EQU REGBS+$213 ;CAN3 Identifier acceptance register 3
 0000           CAN3IDM0:       EQU REGBS+$214 ;CAN3 Identifier mask register 0
 0000           CAN3IDM1:       EQU REGBS+$215 ;CAN3 Identifier mask register 1
 0000           CAN3IDM2:       EQU REGBS+$216 ;CAN3 Identifier mask register 2
 0000           CAN3IDM3:       EQU REGBS+$217 ;CAN3 Identifier mask register 3
 0000           CAN3IDA4:       EQU REGBS+$218 ;CAN3 Identifier acceptance register 4
 0000           CAN3IDA5:       EQU REGBS+$219 ;CAN3 Identifier acceptance register 5
 0000           CAN3IDA6:       EQU REGBS+$21A ;CAN3 Identifier acceptance register 6
 0000           CAN3IDA7:       EQU REGBS+$21B ;CAN3 Identifier acceptance register 7
 0000           CAN3IDM4:       EQU REGBS+$21C ;CAN3 Identifier mask register 4
 0000           CAN3IDM5:       EQU REGBS+$21D ;CAN3 Identifier mask register 5
 0000           CAN3IDM6:       EQU REGBS+$21E ;CAN3 Identifier mask register 6
 0000           CAN3IDM7:       EQU REGBS+$21F ;CAN3 Identifier mask register 7
 0000           CAN3RXFG:       EQU REGBS+$220 ;CAN3 RX foreground buffer thru +$22F
 0000           CAN3TXFG:       EQU REGBS+$230 ;CAN3 TX foreground buffer thru +$23F
 0000           
 0000           PTT:            EQU REGBS+$240 ;portT data register
 0000           PTIT:           EQU REGBS+$241 ;portT input register
 0000           DDRT:           EQU REGBS+$242 ;portT direction register
 0000           RDRT:           EQU REGBS+$243 ;portT reduced drive register
 0000           PERT:           EQU REGBS+$244 ;portT pull device enable
 0000           PPST:           EQU REGBS+$245 ;portT pull polarity select
 0000           
 0000           PTS:            EQU REGBS+$248 ;portS data register
 0000           PTIS:           EQU REGBS+$249 ;portS input register
 0000           DDRS:           EQU REGBS+$24A ;portS direction register
 0000           RDRS:           EQU REGBS+$24B ;portS reduced drive register
 0000           PERS:           EQU REGBS+$24C ;portS pull device enable
 0000           PPSS:           EQU REGBS+$24D ;portS pull polarity select
 0000           WOMS:           EQU REGBS+$24E ;portS Wired Or mode register
 0000           
 0000           PTM:            EQU REGBS+$250 ;portM data register
 0000           PTIM:           EQU REGBS+$251 ;portM input register
 0000           DDRM:           EQU REGBS+$252 ;portM direction register
 0000           RDRM:           EQU REGBS+$253 ;portM reduced drive register
 0000           PERM:           EQU REGBS+$254 ;portM pull device enable
 0000           PPSM:           EQU REGBS+$255 ;portM pull polarity select
 0000           WOMM:           EQU REGBS+$256 ;portM Wired Or mode register
 0000           MODRR:          EQU REGBS+$257 ;portM Module routing register
 0000           PTP:            EQU REGBS+$258 ;portP data register
 0000           PTIP:           EQU REGBS+$259 ;portP input register
 0000           DDRP:           EQU REGBS+$25A ;portP direction register
 0000           RDRP:           EQU REGBS+$25B ;portP reduced drive register
 0000           PERP:           EQU REGBS+$25C ;portP pull device enable
 0000           PPSP:           EQU REGBS+$25D ;portP pull polarity select
 0000           PIEP:           EQU REGBS+$25E ;portP interrupt enable register
 0000           PIFP:           EQU REGBS+$25F ;portP interrupt flag register
 0000           PTH:            EQU REGBS+$260 ;portH data register
 0000           PTIH:           EQU REGBS+$261 ;portH input register
 0000           DDRH:           EQU REGBS+$262 ;portH direction register
 0000           RDRH:           EQU REGBS+$263 ;portH reduced drive register
 0000           PERH:           EQU REGBS+$264 ;portH pull device enable
 0000           PPSH:           EQU REGBS+$265 ;portH pull polarity select
 0000           PIEH:           EQU REGBS+$266 ;portH interrupt enable register
 0000           PIFH:           EQU REGBS+$267 ;portH interrupt flag register
 0000           PTJ:            EQU REGBS+$268 ;portP data register
 0000           PTIJ:           EQU REGBS+$269 ;portP input register
 0000           DDRJ:           EQU REGBS+$26A ;portP direction register
 0000           RDRJ:           EQU REGBS+$26B ;portP reduced drive register
 0000           PERJ:           EQU REGBS+$26C ;portP pull device enable
 0000           PPSJ:           EQU REGBS+$26D ;portP pull polarity select
 0000           PIEJ:           EQU REGBS+$26E ;portP interrupt enable register
 0000           PIFJ:           EQU REGBS+$26F ;portP interrupt flag register
 0000           
 0000           CAN4CTL0:       EQU REGBS+$280 ;CAN4 control register 0
 0000           CAN4CTL1:       EQU REGBS+$281 ;CAN4 control register 1
 0000           CAN4BTR0:       EQU REGBS+$282 ;CAN4 bus timing register 0
 0000           CAN4BTR1:       EQU REGBS+$283 ;CAN4 bus timing register 1
 0000           CAN4RFLG:       EQU REGBS+$284 ;CAN4 receiver flags
 0000           CAN4RIER:       EQU REGBS+$285 ;CAN4 receiver interrupt enables
 0000           CAN4TFLG:       EQU REGBS+$286 ;CAN4 transmit flags
 0000           CAN4TIER:       EQU REGBS+$287 ;CAN4 transmit interrupt enables
 0000           CAN4TARQ:       EQU REGBS+$288 ;CAN4 transmit message abort control
 0000           CAN4TAAK:       EQU REGBS+$289 ;CAN4 transmit message abort status
 0000           CAN4TBEL:       EQU REGBS+$28A ;CAN4 transmit buffer select
 0000           CAN4IDAC:       EQU REGBS+$28B ;CAN4 identfier acceptance control
 0000           
 0000           CAN4RERR:       EQU REGBS+$28E ;CAN4 Receive error counter
 0000           CAN4TERR:       EQU REGBS+$28F ;CAN4 Transmit error counter
 0000           CAN4IDA0:       EQU REGBS+$290 ;CAN4 Identifier acceptance register 0
 0000           CAN4IDA1:       EQU REGBS+$291 ;CAN4 Identifier acceptance register 1
 0000           CAN4IDA2:       EQU REGBS+$292 ;CAN4 Identifier acceptance register 2
 0000           CAN4IDA3:       EQU REGBS+$293 ;CAN4 Identifier acceptance register 3
 0000           CAN4IDM0:       EQU REGBS+$294 ;CAN4 Identifier mask register 0
 0000           CAN4IDM1:       EQU REGBS+$295 ;CAN4 Identifier mask register 1
 0000           CAN4IDM2:       EQU REGBS+$296 ;CAN4 Identifier mask register 2
 0000           CAN4IDM3:       EQU REGBS+$297 ;CAN4 Identifier mask register 3
 0000           CAN4IDA4:       EQU REGBS+$298 ;CAN4 Identifier acceptance register 4
 0000           CAN4IDA5:       EQU REGBS+$299 ;CAN4 Identifier acceptance register 5
 0000           CAN4IDA6:       EQU REGBS+$29A ;CAN4 Identifier acceptance register 6
 0000           CAN4IDA7:       EQU REGBS+$29B ;CAN4 Identifier acceptance register 7
 0000           CAN4IDM4:       EQU REGBS+$29C ;CAN4 Identifier mask register 4
 0000           CAN4IDM5:       EQU REGBS+$29D ;CAN4 Identifier mask register 5
 0000           CAN4IDM6:       EQU REGBS+$29E ;CAN4 Identifier mask register 6
 0000           CAN4IDM7:       EQU REGBS+$29F ;CAN4 Identifier mask register 7
 0000           CAN4RXFG:       EQU REGBS+$2A0 ;CAN4 RX foreground buffer thru +$2AF
 0000           CAN4TXFG:       EQU REGBS+$2B0 ;CAN4 TX foreground buffer thru +$2BF
 0000           
 0000           * End registers
