WARNING: EXTCODE CODE AREA DO NOT CONTAIN RELOCATED ADDRESSES.
THIS WILL BE REMEDIED IN A LATER RELEASE.
                        .module assign55.c
                        .area text
--- 0000                   .dbfile M:\SYSC20~2\Assignments\ASSIGN~4\PART5~1\assign55.c
--- 0000                   .dbfunc e main _main fI
 402A            _main::
 402A                    .dbline -1
 402A                    .dbline 9
 402A            ; // By Korey Conway and Tanzeel Rana
 402A            ; 
 402A            ; // This has not been done yet. We might try submitting something to the Prof directly
 402A            ; 
 402A            ; #include <hcs12dp256.h>
 402A            ; #include <stdio.h>
 402A            ; 
 402A            ; int main()
 402A            ; {
 402A                    .dbline 10
 402A            ;       return 0;
 402A  CC0000            ldd #0
 402D                    .dbline -2
 402D            L3:
 402D                    .dbline 0 ; func end
 402D  3D                rts
 402E                    .dbend
                        .module vectors_dp256_NoICE.c
                        .area memory(abs)
                        .org 0x3f8c
 3F8C            _interrupt_vectors::
 3F8C  F8CF              .word 63695
 3F8E  F8CF              .word 63695
 3F90  F8CF              .word 63695
 3F92  F8CF              .word 63695
 3F94  F8CF              .word 63695
 3F96  F8CF              .word 63695
 3F98  F8CF              .word 63695
 3F9A  F8CF              .word 63695
 3F9C  F8CF              .word 63695
 3F9E  F8CF              .word 63695
 3FA0  F8CF              .word 63695
 3FA2  F8CF              .word 63695
 3FA4  F8CF              .word 63695
 3FA6  F8CF              .word 63695
 3FA8  F8CF              .word 63695
 3FAA  F8CF              .word 63695
 3FAC  F8CF              .word 63695
 3FAE  F8CF              .word 63695
 3FB0  F8CF              .word 63695
 3FB2  F8CF              .word 63695
 3FB4  F8CF              .word 63695
 3FB6  F8CF              .word 63695
 3FB8  F8CF              .word 63695
 3FBA  F8CF              .word 63695
 3FBC  F8CF              .word 63695
 3FBE  F8CF              .word 63695
 3FC0  F8CF              .word 63695
 3FC2  F8CF              .word 63695
 3FC4  F8CF              .word 63695
 3FC6  F8CF              .word 63695
 3FC8  F8CF              .word 63695
 3FCA  F8CF              .word 63695
 3FCC  F8CF              .word 63695
 3FCE  F8CF              .word 63695
 3FD0  F8CF              .word 63695
 3FD2  F8CF              .word 63695
 3FD4  F8CF              .word 63695
 3FD6  F8CF              .word 63695
 3FD8  F8CF              .word 63695
 3FDA  F8CF              .word 63695
 3FDC  F8CF              .word 63695
 3FDE  F8CF              .word 63695
 3FE0  F8CF              .word 63695
 3FE2  F8CF              .word 63695
 3FE4  F8CF              .word 63695
 3FE6  F8CF              .word 63695
 3FE8  F8CF              .word 63695
 3FEA  F8CF              .word 63695
 3FEC  F8CF              .word 63695
 3FEE  F8CF              .word 63695
 3FF0  F8CF              .word 63695
 3FF2  F8CF              .word 63695
 3FF4  F8C7              .word 63687
 3FF6  F8C3              .word 63683
 3FF8  F8CB              .word 63691
 3FFA  F805              .word 63493
 3FFC  F809              .word 63497
 3FFE  4000              .word __start
 4000                    .dbfile M:\SYSC20~2\Assignments\ASSIGN~4\PART5~1\vectors_dp256_NoICE.c
 4000                    .dbsym e interrupt_vectors _interrupt_vectors A[116:58]pfV
                        .area data
--- 0000                   .dbfile M:\SYSC20~2\Assignments\ASSIGN~4\PART5~1\vectors_dp256_NoICE.c
