WARNING: EXTCODE CODE AREA DO NOT CONTAIN RELOCATED ADDRESSES.
THIS WILL BE REMEDIED IN A LATER RELEASE.
                        .module assign52.c
                        .area data
--- 0000           _current_speed:
--- 0000                   .blkb 2
                        .area idata
--- 0000 0000              .word 0
                        .area data
--- 0002                   .dbfile M:\SYSC20~2\Assignments\ASSIGN~4\PART2~1/../lib/motor.c
--- 0002                   .dbsym s current_speed _current_speed I
--- 0002           _desired_speed:
--- 0002                   .blkb 2
                        .area idata
--- 0002 0000              .word 0
                        .area data
--- 0004                   .dbfile M:\SYSC20~2\Assignments\ASSIGN~4\PART2~1/../lib/motor.c
--- 0004                   .dbsym s desired_speed _desired_speed I
                        .area text
--- 0000                   .dbfile M:\SYSC20~2\Assignments\ASSIGN~4\PART2~1/../lib/motor.c
--- 0000                   .dbfunc e motor_init _motor_init fV
 402A            _motor_init::
 402A                    .dbline -1
 402A                    .dbline 24
 402A            ; // By Korey Conway and Tanzeel Rana
 402A            ; 
 402A            ; #include <hcs12dp256.h>
 402A            ; #include <stdio.h>
 402A            ; #include "../lib/motor.c"
 402A            ; #include "../lib/rti.c"
 402A            ; #include "../lib/keyboard.c"
 402A            ; #include "../lib/lcd.c"
 402A            ; 
 402A            ; void rti_each_second(void);
 402A            ; void rti_each_half(void);
 402A            ; void rti_each_quarter(void);
 402A            ; 
 402A            ; int speed = 15;
 402A            ; int temperature = 30;
 402A            ; 
 402A            ; int main()
 402A            ; {
 402A            ;       int pspeed = 0;
 402A            ;       char key;
 402A            ;       
 402A            ;       // Setup terminal
 402A            ;       setbaud(BAUD19K);
 402A            ;       
 402A                    .dbline 26
 402A            ;       keyboard_init();
 402A            ;       lcd_init();
 402A  1C00A180          bset 0xa1,#128
 402E                    .dbline 27
 402E            ;       motor_init();
 402E  1D00A480          bclr 0xa4,#0x80
 4032                    .dbline 28
 4032            ;       rti_init();
 4032  1D00A580          bclr 0xa5,#0x80
 4036                    .dbline 29
 4036            ;       motor_set_speed(speed);
 4036  C6FF              ldab #255
 4038  7B00A9            stab 0xa9
 403B                    .dbline 30
 403B            ;       INTR_ON();
 403B  C663              ldab #99
 403D  7B00BB            stab 0xbb
 4040                    .dbline 31
 4040            ;               
 4040  1D00A370          bclr 0xa3,#0x70
 4044                    .dbline 32
 4044            ;       lcd_display_speed(speed);
 4044  1C025A40          bset 0x25a,#64
 4048                    .dbline 33
 4048            ;       lcd_display_temperature(temperature); // Need to redisplay bottom line for some reason
 4048  1C025840          bset 0x258,#64
 404C                    .dbline 34
 404C            ; 
 404C  7900C3            clr 0xc3
 404F                    .dbline 35
 404F            ;       while ( 1 ) {
 404F  1C00A080          bset 0xa0,#128
 4053                    .dbline 36
 4053            ;               if ( key = keyboard_getchar() ) {
 4053                    ; vol
 4053  F60060            ldab 0x60
 4056  87                clra
 4057  84FF              anda #255
 4059  C400              andb #0
 405B  8A00              ora #0
 405D  CA50              orb #80
 405F  7B0060            stab 0x60
 4062                    .dbline 37
 4062            ;                       if ( key == '0' ) {
 4062  CC0000            ldd #0
 4065  7C0062            std 0x62
 4068                    .dbline -2
 4068                    .dbline 38
 4068            ;                               break;
 4068            L3:
 4068                    .dbline 0 ; func end
 4068  3D                rts
 4069                    .dbend
 4069                    .dbfunc s motor_set_duty _motor_set_duty fV
 4069            ;           duty -> 2,x
 4069            _motor_set_duty:
 4069  3B                pshd
 406A  34                pshx
 406B  B775              tfr s,x
 406D                    .dbline -1
 406D                    .dbline 44
 406D            ;                       } else if ( key == 'E' ) {
 406D            ;                               ++speed;
 406D            ;                               motor_set_speed(speed);
 406D            ;                               printf("Increasing speed to %d\n", speed);
 406D            ;                               lcd_display_speed(speed);
 406D            ;                               lcd_display_temperature(temperature); // Need to redisplay bottom line for some reason
 406D                    .dbline 45
 406D            ;                       } else if ( key == 'D' ) {
 406D  EC02              ldd 2,x
 406F  2C05              bge L5
 4071                    .dbline 45
 4071                    .dbline 46
 4071            ;                               --speed;
 4071  7900C3            clr 0xc3
 4074                    .dbline 47
 4074  2013              bra L6
 4076            L5:
 4076                    .dbline 47
 4076            ;                               motor_set_speed(speed);
 4076  EC02              ldd 2,x
 4078  8C0037            cpd #55
 407B  2F07              ble L7
 407D                    .dbline 47
 407D                    .dbline 48
 407D            ;                               printf("Decreasing speed to %d\n", speed);
 407D  C637              ldab #55
 407F  7B00C3            stab 0xc3
 4082                    .dbline 49
 4082  2005              bra L8
 4084            L7:
 4084                    .dbline 49
 4084            ;                               lcd_display_speed(speed);
 4084                    .dbline 50
 4084            ;                               lcd_display_temperature(temperature); // Need to redisplay bottom line for some reason
 4084  EC02              ldd 2,x
 4086  7B00C3            stab 0xc3
 4089                    .dbline 51
 4089            ;                       } else {
 4089            L8:
 4089            L6:
 4089                    .dbline -2
 4089                    .dbline 52
 4089            ;                               printf("Pushed: %c\n", key);
 4089            L4:
 4089  B757              tfr x,s
 408B  30                pulx
 408C  1B82              leas 2,sp
 408E                    .dbline 0 ; func end
 408E  3D                rts
 408F                    .dbsym l duty 2 I
 408F                    .dbend
                        .area data
--- 0004                   .dbfile M:\SYSC20~2\Assignments\ASSIGN~4\PART2~1/../lib/motor.c
--- 0004           L10:
--- 0004                   .blkb 2
                        .area idata
--- 0004 0000              .word 0
                        .area data
--- 0006                   .dbfile M:\SYSC20~2\Assignments\ASSIGN~4\PART2~1/../lib/motor.c
                        .area text
--- 0065                   .dbfile M:\SYSC20~2\Assignments\ASSIGN~4\PART2~1/../lib/motor.c
--- 0065                   .dbfunc e motor_update_speed _motor_update_speed fV
--- 0065                   .dbsym s count L10 I
--- 0065           ;     diff_speed -> -2,x
 408F            _motor_update_speed::
 408F  34                pshx
 4090  B775              tfr s,x
 4092  1B9E              leas -2,sp
 4094                    .dbline -1
 4094                    .dbline 55
 4094            ;                       }
 4094            ;               }
 4094            ;       }
 4094                    .dbline 57
 4094            ;       
 4094            ;       return 0;
 4094  CC0000            ldd #0
 4097  6C1E              std -2,x
 4099                    .dbline 60
 4099            ; }
 4099            ; 
 4099            ; void rti_each()
 4099                    ; vol
 4099  FC0062            ldd 0x62
 409C  59                lsld
 409D  59                lsld
 409E  FD1004            ldy L10
 40A1  1941              leay 1,y
 40A3  B7D6              exg x,y
 40A5  1810              idiv
 40A7  B7D6              exg x,y
 40A9  7D1000            sty _current_speed
 40AC                    .dbline 61
 40AC            ; {
 40AC  FC1004            ldd L10
 40AF  C30001            addd #1
 40B2  CD0004            ldy #4
 40B5  B7D6              exg x,y
 40B7  1815              idivs
 40B9  B7D6              exg x,y
 40BB  7C1004            std L10
 40BE                    .dbline 62
 40BE            ;       //motor_update_speed();
 40BE  FC1004            ldd L10
 40C1  2606              bne L11
 40C3                    .dbline 62
 40C3                    .dbline 63
 40C3            ; }
 40C3  CC0000            ldd #0
 40C6  7C0062            std 0x62
 40C9                    .dbline 64
 40C9            ; 
 40C9            L11:
 40C9                    .dbline 67
 40C9            ; void rti_each_quarter()
 40C9            ; {
 40C9            ;       motor_update_speed();
 40C9  FC1002            ldd _desired_speed
 40CC  B31000            subd _current_speed
 40CF  6C1E              std -2,x
 40D1                    .dbline 68
 40D1            ; }
 40D1  EC1E              ldd -2,x
 40D3  2F0C              ble L13
 40D5                    .dbline 68
 40D5                    .dbline 69
 40D5            ; 
 40D5                    ; vol
 40D5  F600C3            ldab 0xc3
 40D8  87                clra
 40D9  C30001            addd #1
 40DC  164069            jsr _motor_set_duty
 40DF                    .dbline 70
 40DF  200E              bra L14
 40E1            L13:
 40E1                    .dbline 70
 40E1            ; void rti_each_half()
 40E1  EC1E              ldd -2,x
 40E3  2C0A              bge L15
 40E5                    .dbline 70
 40E5                    .dbline 71
 40E5            ; {}
 40E5                    ; vol
 40E5  F600C3            ldab 0xc3
 40E8  87                clra
 40E9  830001            subd #1
 40EC  164069            jsr _motor_set_duty
 40EF                    .dbline 72
 40EF            ; 
 40EF            L15:
 40EF            L14:
 40EF                    .dbline -2
 40EF                    .dbline 74
 40EF            ; void rti_each_second()
 40EF            ; {}
 40EF            L9:
 40EF  B757              tfr x,s
 40F1  30                pulx
 40F2                    .dbline 0 ; func end
 40F2  3D                rts
 40F3                    .dbsym l diff_speed -2 I
 40F3                    .dbend
 40F3                    .dbfunc e motor_get_speed _motor_get_speed fI
 40F3            _motor_get_speed::
 40F3                    .dbline -1
 40F3                    .dbline 77
 40F3            ; {}
 40F3            ; {}
 40F3            ; {}
 40F3                    .dbline 78
 40F3            ; {}
 40F3  FC1000            ldd _current_speed
 40F6                    .dbline -2
 40F6            L17:
 40F6                    .dbline 0 ; func end
 40F6  3D                rts
 40F7                    .dbend
 40F7                    .dbfunc e motor_set_speed _motor_set_speed fV
 40F7            ;          speed -> 2,x
 40F7            _motor_set_speed::
 40F7  3B                pshd
 40F8  34                pshx
 40F9  B775              tfr s,x
 40FB                    .dbline -1
 40FB                    .dbline 82
 40FB            ; {}
 40FB            ; {}
 40FB            ; {}
 40FB            ; {}
 40FB                    .dbline 83
 40FB  EC02              ldd 2,x
 40FD  8C000A            cpd #10
 4100  2C07              bge L21
 4102  EC02              ldd 2,x
 4104  8C001E            cpd #30
 4107  2E0F              bgt L19
 4109            L21:
 4109                    .dbline 83
 4109            ; {}
 4109                    .dbline 84
 4109            ; {}
 4109  1805021002        movw 2,x,_desired_speed
 410E                    .dbline 86
 410E            ; {}
 410E            ; {}
 410E  FC1000            ldd _current_speed
 4111  2605              bne L22
 4113                    .dbline 86
 4113                    .dbline 87
 4113            ; {}
 4113  C619              ldab #25
 4115  7B00C3            stab 0xc3
 4118                    .dbline 88
 4118            ; {}
 4118            L22:
 4118                    .dbline 89
 4118            L19:
 4118                    .dbline -2
 4118                    .dbline 91
 4118            ; {}
 4118            ; {}
 4118            ; {}
 4118            L18:
 4118  B757              tfr x,s
 411A  30                pulx
 411B  1B82              leas 2,sp
 411D                    .dbline 0 ; func end
 411D  3D                rts
 411E                    .dbsym l speed 2 I
 411E                    .dbend
 411E                    .dbfile M:\SYSC20~2\Assignments\ASSIGN~4\PART2~1/../lib/rti.c
 411E                    .dbfunc e rti_init _rti_init fV
 411E            _rti_init::
 411E                    .dbline -1
 411E                    .dbline 20
 411E                    .dbline 21
 411E  1C003880          bset 0x38,#128
 4122                    .dbline 22
 4122  C677              ldab #119
 4124  7B003B            stab 0x3b
 4127                    .dbline -2
 4127                    .dbline 23
 4127            L24:
 4127                    .dbline 0 ; func end
 4127  3D                rts
 4128                    .dbend
                        .area data
--- 0006                   .dbfile M:\SYSC20~2\Assignments\ASSIGN~4\PART2~1/../lib/rti.c
--- 0006           L26:
--- 0006                   .blkb 2
                        .area idata
--- 0006 0000              .word 0
                        .area data
--- 0008                   .dbfile M:\SYSC20~2\Assignments\ASSIGN~4\PART2~1/../lib/rti.c
                        .area text
--- 00FE                   .dbfile M:\SYSC20~2\Assignments\ASSIGN~4\PART2~1/../lib/rti.c
--- 00FE                   .dbfunc e rti_isr _rti_isr fV
--- 00FE                   .dbsym s count L26 I
 4128            _rti_isr::
 4128                    .dbline -1
 4128                    .dbline 30
 4128                    .dbline 32
 4128  FC1006            ldd L26
 412B  C30001            addd #1
 412E  CD0008            ldy #8
 4131  B7D6              exg x,y
 4133  1815              idivs
 4135  B7D6              exg x,y
 4137  7C1006            std L26
 413A                    .dbline 34
 413A  1643DD            jsr _rti_each
 413D                    .dbline 39
 413D  FC1006            ldd L26
 4140  CD0002            ldy #2
 4143  B7D6              exg x,y
 4145  1815              idivs
 4147  B7D6              exg x,y
 4149  8C0000            cpd #0
 414C  2603              bne L27
 414E                    .dbline 39
 414E                    .dbline 40
 414E  1643DE            jsr _rti_each_quarter
 4151                    .dbline 41
 4151            L27:
 4151                    .dbline 44
 4151  FC1006            ldd L26
 4154  CD0004            ldy #4
 4157  B7D6              exg x,y
 4159  1815              idivs
 415B  B7D6              exg x,y
 415D  8C0000            cpd #0
 4160  2603              bne L29
 4162                    .dbline 44
 4162                    .dbline 45
 4162  1643E2            jsr _rti_each_half
 4165                    .dbline 46
 4165            L29:
 4165                    .dbline 48
 4165  FC1006            ldd L26
 4168  2603              bne L31
 416A                    .dbline 48
 416A                    .dbline 49
 416A  1643E3            jsr _rti_each_second
 416D                    .dbline 50
 416D            L31:
 416D                    .dbline 53
 416D  1C003780          bset 0x37,#128
 4171                    .dbline -2
 4171                    .dbline 54
 4171            L25:
 4171                    .dbline 0 ; func end
 4171  0B                rti
 4172                    .dbend
                        .area data
--- 0008                   .dbfile M:\SYSC20~2\Assignments\ASSIGN~4\PART2~1/../lib/rti.c
--- 0008           _key:
--- 0008                   .blkb 1
                        .area idata
--- 0008 00                .byte 0
                        .area data
--- 0009                   .dbfile M:\SYSC20~2\Assignments\ASSIGN~4\PART2~1/../lib/rti.c
--- 0009                   .dbfile M:\SYSC20~2\Assignments\ASSIGN~4\PART2~1/../lib/keyboard.c
--- 0009                   .dbsym s key _key c
                        .area text
--- 0148                   .dbfile M:\SYSC20~2\Assignments\ASSIGN~4\PART2~1/../lib/keyboard.c
--- 0148                   .dbfunc e keyboard_init _keyboard_init fV
 4172            _keyboard_init::
 4172                    .dbline -1
 4172                    .dbline 21
 4172                    .dbline 22
 4172  7900F0            clr 0xf0
 4175                    .dbline 24
 4175  1C025208          bset 0x252,#8
 4179                    .dbline 26
 4179  1C025A0F          bset 0x25a,#15
 417D                    .dbline 27
 417D  1C025008          bset 0x250,#8
 4181                    .dbline 28
 4181  1C02580F          bset 0x258,#15
 4185                    .dbline 29
 4185  1D025008          bclr 0x250,#0x8
 4189                    .dbline 31
 4189  1D0262F0          bclr 0x262,#0xf0
 418D                    .dbline 32
 418D  1C0265F0          bset 0x265,#240
 4191                    .dbline 33
 4191  C6FF              ldab #255
 4193  7B0267            stab 0x267
 4196                    .dbline 34
 4196  790264            clr 0x264
 4199                    .dbline 35
 4199  C6F0              ldab #240
 419B  7B0266            stab 0x266
 419E                    .dbline -2
 419E                    .dbline 36
 419E            L33:
 419E                    .dbline 0 ; func end
 419E  3D                rts
 419F                    .dbend
                        .area data
--- 0009                   .dbfile M:\SYSC20~2\Assignments\ASSIGN~4\PART2~1/../lib/keyboard.c
--- 0009           L35:
--- 0009                   .blkb 2
                        .area idata
--- 0009 3132              .byte 49,50
                        .area data
--- 000B                   .dbfile M:\SYSC20~2\Assignments\ASSIGN~4\PART2~1/../lib/keyboard.c
--- 000B                   .blkb 2
                        .area idata
--- 000B 3341              .byte 51,'A
                        .area data
--- 000D                   .dbfile M:\SYSC20~2\Assignments\ASSIGN~4\PART2~1/../lib/keyboard.c
--- 000D                   .blkb 2
                        .area idata
--- 000D 3435              .byte 52,53
                        .area data
--- 000F                   .dbfile M:\SYSC20~2\Assignments\ASSIGN~4\PART2~1/../lib/keyboard.c
--- 000F                   .blkb 2
                        .area idata
--- 000F 3642              .byte 54,'B
                        .area data
--- 0011                   .dbfile M:\SYSC20~2\Assignments\ASSIGN~4\PART2~1/../lib/keyboard.c
--- 0011                   .blkb 2
                        .area idata
--- 0011 3738              .byte 55,56
                        .area data
--- 0013                   .dbfile M:\SYSC20~2\Assignments\ASSIGN~4\PART2~1/../lib/keyboard.c
--- 0013                   .blkb 2
                        .area idata
--- 0013 3943              .byte 57,'C
                        .area data
--- 0015                   .dbfile M:\SYSC20~2\Assignments\ASSIGN~4\PART2~1/../lib/keyboard.c
--- 0015                   .blkb 2
                        .area idata
--- 0015 4530              .byte 'E,48
                        .area data
--- 0017                   .dbfile M:\SYSC20~2\Assignments\ASSIGN~4\PART2~1/../lib/keyboard.c
--- 0017                   .blkb 2
                        .area idata
--- 0017 4644              .byte 'F,'D
                        .area data
--- 0019                   .dbfile M:\SYSC20~2\Assignments\ASSIGN~4\PART2~1/../lib/keyboard.c
                        .area text
--- 0175                   .dbfile M:\SYSC20~2\Assignments\ASSIGN~4\PART2~1/../lib/keyboard.c
--- 0175                   .dbfunc e keyboard_isr _keyboard_isr fV
--- 0175                   .dbsym s char_map L35 A[16:4:4]c
--- 0175           ;            row -> -6,x
--- 0175           ;       col_mask -> -4,x
--- 0175           ;            col -> -2,x
 419F            _keyboard_isr::
 419F  34                pshx
 41A0  B775              tfr s,x
 41A2  1B98              leas -8,sp
 41A4                    .dbline -1
 41A4                    .dbline 43
 41A4                    .dbline 44
 41A4  CC0000            ldd #0
 41A7  6C1A              std -6,x
 41A9                    .dbline 45
 41A9  CC0000            ldd #0
 41AC  6C1E              std -2,x
 41AE                    .dbline 53
 41AE  790266            clr 0x266
 41B1                    .dbline 55
 41B1                    ; vol
 41B1  F60267            ldab 0x267
 41B4  87                clra
 41B5  47                asra
 41B6  56                rorb
 41B7  47                asra
 41B8  56                rorb
 41B9  47                asra
 41BA  56                rorb
 41BB  47                asra
 41BC  56                rorb
 41BD  6C1C              std -4,x
 41BF                    .dbline 58
 41BF  CC0000            ldd #0
 41C2  6C1A              std -6,x
 41C4            L36:
 41C4                    .dbline 58
 41C4                    .dbline 59
 41C4  1C025008          bset 0x250,#8
 41C8                    .dbline 60
 41C8  CC0001            ldd #1
 41CB  ED1A              ldy -6,x
 41CD  8D0000            cpy #0
 41D0  2704              beq X0
 41D2            X1:
 41D2  59                lsld
 41D3  0436FC            dbne y,X1
 41D6            X0:
 41D6  8400              anda #0
 41D8  C40F              andb #15
 41DA  6C18              std -8,x
 41DC                    ; vol
 41DC  F60258            ldab 0x258
 41DF  87                clra
 41E0  84FF              anda #255
 41E2  C4F0              andb #240
 41E4  AA18              ora -8,x
 41E6  EA19              orb -7,x
 41E8  7B0258            stab 0x258
 41EB                    .dbline 61
 41EB  1D025008          bclr 0x250,#0x8
 41EF                    .dbline 63
 41EF  1F0260F02E        brclr 0x260,#240,L40
 41F4                    .dbline 63
 41F4                    .dbline 65
 41F4  CC0000            ldd #0
 41F7  6C1E              std -2,x
 41F9            L42:
 41F9                    .dbline 65
 41F9                    .dbline 66
 41F9  EC1C              ldd -4,x
 41FB  ED1E              ldy -2,x
 41FD  8D0000            cpy #0
 4200  2705              beq X2
 4202            X3:
 4202  47                asra
 4203  56                rorb
 4204  0436FB            dbne y,X3
 4207            X2:
 4207  8400              anda #0
 4209  C401              andb #1
 420B  8C0000            cpd #0
 420E  2702              beq L46
 4210                    .dbline 66
 4210                    .dbline 67
 4210  2020              bra L38
 4212            L46:
 4212                    .dbline 69
 4212            L43:
 4212                    .dbline 65
 4212  EC1E              ldd -2,x
 4214  C30001            addd #1
 4217  6C1E              std -2,x
 4219                    .dbline 65
 4219  EC1E              ldd -2,x
 421B  8C0004            cpd #4
 421E  2DD9              blt L42
 4220                    .dbline 70
 4220  2010              bra L38
 4222            L40:
 4222                    .dbline 72
 4222            L37:
 4222                    .dbline 58
 4222  EC1A              ldd -6,x
 4224  C30001            addd #1
 4227  6C1A              std -6,x
 4229                    .dbline 58
 4229  EC1A              ldd -6,x
 422B  8C0004            cpd #4
 422E  182DFF92          lblt L36
 4232            L38:
 4232                    .dbline 74
 4232  EC1E              ldd -2,x
 4234  8C0004            cpd #4
 4237  2C1D              bge L48
 4239  EC1A              ldd -6,x
 423B  8C0004            cpd #4
 423E  2C16              bge L48
 4240                    .dbline 74
 4240                    .dbline 75
 4240  EC1A              ldd -6,x
 4242  59                lsld
 4243  59                lsld
 4244  C31009            addd #L35
 4247  6C18              std -8,x
 4249  EC1E              ldd -2,x
 424B  E318              addd -8,x
 424D  B7C6              xgdy
 424F  E640              ldab 0,y
 4251  7B1008            stab _key
 4254                    .dbline 77
 4254  2003              bra L49
 4256            L48:
 4256                    .dbline 77
 4256                    .dbline 78
 4256  791008            clr _key
 4259                    .dbline 79
 4259            L49:
 4259                    .dbline 81
 4259  1C025008          bset 0x250,#8
 425D                    .dbline 82
 425D  1C02580F          bset 0x258,#15
 4261                    .dbline 83
 4261  1D025008          bclr 0x250,#0x8
 4265                    .dbline 84
 4265  C6FF              ldab #255
 4267  7B0267            stab 0x267
 426A                    .dbline 85
 426A  C6F0              ldab #240
 426C  7B0266            stab 0x266
 426F                    .dbline -2
 426F                    .dbline 86
 426F            L34:
 426F  B757              tfr x,s
 4271  30                pulx
 4272                    .dbline 0 ; func end
 4272  0B                rti
 4273                    .dbsym l row -6 I
 4273                    .dbsym l col_mask -4 I
 4273                    .dbsym l col -2 I
 4273                    .dbend
 4273                    .dbfunc e keyboard_getchar _keyboard_getchar fc
 4273            ;           temp -> -1,x
 4273            _keyboard_getchar::
 4273  34                pshx
 4274  B775              tfr s,x
 4276  1B9E              leas -2,sp
 4278                    .dbline -1
 4278                    .dbline 92
 4278            ; H
 4278                    .dbline 93
 4278            ; H
 4278  18091F1008        movb _key,-1,x
 427D                    .dbline 94
 427D            ; H
 427D  791008            clr _key
 4280                    .dbline 95
 4280            ; H
 4280  E61F              ldab -1,x
 4282  87                clra
 4283                    .dbline -2
 4283            L50:
 4283  B757              tfr x,s
 4285  30                pulx
 4286                    .dbline 0 ; func end
 4286  3D                rts
 4287                    .dbsym l temp -1 c
 4287                    .dbend
 4287                    .dbfile M:\SYSC20~2\Assignments\ASSIGN~4\PART2~1/../lib/lcd.c
 4287                    .dbfunc e lcd_init _lcd_init fV
 4287            _lcd_init::
 4287                    .dbline -1
 4287                    .dbline 21
 4287                    .dbline 22
 4287  164453            jsr _Lcd2PP_Init
 428A                    .dbline -2
 428A                    .dbline 23
 428A            L51:
 428A                    .dbline 0 ; func end
 428A  3D                rts
 428B                    .dbend
 428B                    .dbfunc e lcd_print _lcd_print fV
 428B            ;          ?temp -> -2,x
 428B            ;        address -> 6,x
 428B            ;         string -> 2,x
 428B            _lcd_print::
 428B  3B                pshd
 428C  34                pshx
 428D  B775              tfr s,x
 428F  1B9E              leas -2,sp
 4291                    .dbline -1
 4291                    .dbline 29
 4291                    .dbline 30
 4291  EC06              ldd 6,x
 4293  87                clra
 4294  16443B            jsr _LCD_instruction
 4297  2013              bra L54
 4299            L53:
 4299                    .dbline 31
 4299                    .dbline 32
 4299  1802021E          movw 2,x,-2,x
 429D  EC1E              ldd -2,x
 429F  C30001            addd #1
 42A2  6C02              std 2,x
 42A4  ED1E              ldy -2,x
 42A6  E640              ldab 0,y
 42A8  87                clra
 42A9  164447            jsr _LCD_display
 42AC                    .dbline 33
 42AC            L54:
 42AC                    .dbline 31
 42AC  ED02              ldy 2,x
 42AE  E740              tst 0,y
 42B0  26E7              bne L53
 42B2                    .dbline -2
 42B2                    .dbline 34
 42B2            L52:
 42B2  B757              tfr x,s
 42B4  30                pulx
 42B5  1B82              leas 2,sp
 42B7                    .dbline 0 ; func end
 42B7  3D                rts
 42B8                    .dbsym l address 6 I
 42B8                    .dbsym l string 2 pc
 42B8                    .dbend
 42B8                    .dbfunc e lcd_print_top _lcd_print_top fV
 42B8            ;         string -> 2,x
 42B8            _lcd_print_top::
 42B8  3B                pshd
 42B9  34                pshx
 42BA  B775              tfr s,x
 42BC  1B9E              leas -2,sp
 42BE                    .dbline -1
 42BE                    .dbline 40
 42BE                    .dbline 41
 42BE  CC0000            ldd #0
 42C1  6C80              std 0,sp
 42C3  EC02              ldd 2,x
 42C5  16428B            jsr _lcd_print
 42C8                    .dbline -2
 42C8                    .dbline 42
 42C8            L56:
 42C8  B757              tfr x,s
 42CA  30                pulx
 42CB  1B82              leas 2,sp
 42CD                    .dbline 0 ; func end
 42CD  3D                rts
 42CE                    .dbsym l string 2 pc
 42CE                    .dbend
 42CE                    .dbfunc e lcd_print_bottom _lcd_print_bottom fV
 42CE            ;         string -> 2,x
 42CE            _lcd_print_bottom::
 42CE  3B                pshd
 42CF  34                pshx
 42D0  B775              tfr s,x
 42D2  1B9E              leas -2,sp
 42D4                    .dbline -1
 42D4                    .dbline 48
 42D4                    .dbline 49
 42D4  CC00C0            ldd #192
 42D7  6C80              std 0,sp
 42D9  EC02              ldd 2,x
 42DB  16428B            jsr _lcd_print
 42DE                    .dbline -2
 42DE                    .dbline 50
 42DE            L57:
 42DE  B757              tfr x,s
 42E0  30                pulx
 42E1  1B82              leas 2,sp
 42E3                    .dbline 0 ; func end
 42E3  3D                rts
 42E4                    .dbsym l string 2 pc
 42E4                    .dbend
 42E4                    .dbfunc e lcd_display_speed _lcd_display_speed fV
 42E4            ;         string -> -2,x
 42E4            ;          speed -> 2,x
 42E4            _lcd_display_speed::
 42E4  3B                pshd
 42E5  34                pshx
 42E6  B775              tfr s,x
 42E8  1B9A              leas -6,sp
 42EA                    .dbline -1
 42EA                    .dbline 56
 42EA                    .dbline 58
 42EA  18020282          movw 2,x,2,sp
 42EE  CC4431            ldd #L59
 42F1  6C80              std 0,sp
 42F3  EC1E              ldd -2,x
 42F5  1649F1            jsr _sprintf
 42F8                    .dbline 59
 42F8  EC1E              ldd -2,x
 42FA  1642B8            jsr _lcd_print_top
 42FD                    .dbline -2
 42FD                    .dbline 60
 42FD            L58:
 42FD  B757              tfr x,s
 42FF  30                pulx
 4300  1B82              leas 2,sp
 4302                    .dbline 0 ; func end
 4302  3D                rts
 4303                    .dbsym l string -2 pc
 4303                    .dbsym l speed 2 I
 4303                    .dbend
 4303                    .dbfunc e lcd_display_temperature _lcd_display_temperature fV
 4303            ;         string -> -2,x
 4303            ;           temp -> 2,x
 4303            _lcd_display_temperature::
 4303  3B                pshd
 4304  34                pshx
 4305  B775              tfr s,x
 4307  1B9A              leas -6,sp
 4309                    .dbline -1
 4309                    .dbline 66
 4309                    .dbline 68
 4309  18020282          movw 2,x,2,sp
 430D  CC4420            ldd #L61
 4310  6C80              std 0,sp
 4312  EC1E              ldd -2,x
 4314  1649F1            jsr _sprintf
 4317                    .dbline 69
 4317  EC1E              ldd -2,x
 4319  1642CE            jsr _lcd_print_bottom
 431C                    .dbline -2
 431C                    .dbline 70
 431C            L60:
 431C  B757              tfr x,s
 431E  30                pulx
 431F  1B82              leas 2,sp
 4321                    .dbline 0 ; func end
 4321  3D                rts
 4322                    .dbsym l string -2 pc
 4322                    .dbsym l temp 2 I
 4322                    .dbend
                        .area data
--- 0019                   .dbfile M:\SYSC20~2\Assignments\ASSIGN~4\PART2~1/../lib/lcd.c
 1019            _speed::
 1019                    .blkb 2
                        .area idata
--- 0019 000F              .word 15
                        .area data
--- 001B                   .dbfile M:\SYSC20~2\Assignments\ASSIGN~4\PART2~1/../lib/lcd.c
--- 001B                   .dbfile M:\SYSC20~2\Assignments\ASSIGN~4\PART2~1\assign52.c
--- 001B                   .dbsym e speed _speed I
 101B            _temperature::
 101B                    .blkb 2
                        .area idata
--- 001B 001E              .word 30
                        .area data
--- 001D                   .dbfile M:\SYSC20~2\Assignments\ASSIGN~4\PART2~1\assign52.c
--- 001D                   .dbsym e temperature _temperature I
                        .area text
--- 02F8                   .dbfile M:\SYSC20~2\Assignments\ASSIGN~4\PART2~1\assign52.c
--- 02F8                   .dbfunc e main _main fI
--- 02F8           ;          ?temp -> -4,x
--- 02F8           ;         pspeed -> -3,x
--- 02F8           ;            key -> -1,x
 4322            _main::
 4322  34                pshx
 4323  B775              tfr s,x
 4325  1B9A              leas -6,sp
 4327                    .dbline -1
 4327                    .dbline 18
 4327                    .dbline 19
 4327  CC0000            ldd #0
 432A  6C1D              std -3,x
 432C                    .dbline 23
 432C  CC001A            ldd #26
 432F  164523            jsr _setbaud
 4332                    .dbline 25
 4332  164172            jsr _keyboard_init
 4335                    .dbline 26
 4335  164287            jsr _lcd_init
 4338                    .dbline 27
 4338  16402A            jsr _motor_init
 433B                    .dbline 28
 433B  16411E            jsr _rti_init
 433E                    .dbline 29
 433E  FC1019            ldd _speed
 4341  1640F7            jsr _motor_set_speed
 4344                    .dbline 30
 4344  10EF                      cli
 4346            
 4346                    .dbline 32
 4346  FC1019            ldd _speed
 4349  1642E4            jsr _lcd_display_speed
 434C                    .dbline 33
 434C  FC101B            ldd _temperature
 434F  164303            jsr _lcd_display_temperature
 4352  1820007C          lbra L64
 4356            L63:
 4356                    .dbline 35
 4356                    .dbline 36
 4356  164273            jsr _keyboard_getchar
 4359  6B1C              stab -4,x
 435B  180A1C1F          movb -4,x,-1,x
 435F  E71C              tst -4,x
 4361  276F              beq L66
 4363                    .dbline 36
 4363                    .dbline 37
 4363  E61F              ldab -1,x
 4365  C130              cmpb #48
 4367  2602              bne L68
 4369                    .dbline 37
 4369                    .dbline 38
 4369  206B              bra L65
 436B            L68:
 436B                    .dbline 39
 436B  E61F              ldab -1,x
 436D  C145              cmpb #69
 436F  2628              bne L70
 4371                    .dbline 39
 4371                    .dbline 40
 4371  FC1019            ldd _speed
 4374  C30001            addd #1
 4377  7C1019            std _speed
 437A                    .dbline 41
 437A  FC1019            ldd _speed
 437D  1640F7            jsr _motor_set_speed
 4380                    .dbline 42
 4380  1801801019        movw _speed,0,sp
 4385  CC4408            ldd #L72
 4388  1649A3            jsr _printf
 438B                    .dbline 43
 438B  FC1019            ldd _speed
 438E  1642E4            jsr _lcd_display_speed
 4391                    .dbline 44
 4391  FC101B            ldd _temperature
 4394  164303            jsr _lcd_display_temperature
 4397                    .dbline 45
 4397  2039              bra L71
 4399            L70:
 4399                    .dbline 45
 4399  E61F              ldab -1,x
 439B  C144              cmpb #68
 439D  2628              bne L73
 439F                    .dbline 45
 439F                    .dbline 46
 439F  FC1019            ldd _speed
 43A2  830001            subd #1
 43A5  7C1019            std _speed
 43A8                    .dbline 47
 43A8  FC1019            ldd _speed
 43AB  1640F7            jsr _motor_set_speed
 43AE                    .dbline 48
 43AE  1801801019        movw _speed,0,sp
 43B3  CC43F0            ldd #L75
 43B6  1649A3            jsr _printf
 43B9                    .dbline 49
 43B9  FC1019            ldd _speed
 43BC  1642E4            jsr _lcd_display_speed
 43BF                    .dbline 50
 43BF  FC101B            ldd _temperature
 43C2  164303            jsr _lcd_display_temperature
 43C5                    .dbline 51
 43C5  200B              bra L74
 43C7            L73:
 43C7                    .dbline 51
 43C7                    .dbline 52
 43C7  E61F              ldab -1,x
 43C9  87                clra
 43CA  6C80              std 0,sp
 43CC  CC43E4            ldd #L76
 43CF  1649A3            jsr _printf
 43D2                    .dbline 53
 43D2            L74:
 43D2            L71:
 43D2                    .dbline 54
 43D2            L66:
 43D2                    .dbline 55
 43D2            L64:
 43D2                    .dbline 35
 43D2  1820FF80          lbra L63
 43D6            L65:
 43D6                    .dbline 57
 43D6  CC0000            ldd #0
 43D9                    .dbline -2
 43D9            L62:
 43D9  B757              tfr x,s
 43DB  30                pulx
 43DC                    .dbline 0 ; func end
 43DC  3D                rts
 43DD                    .dbsym l pspeed -3 I
 43DD                    .dbsym l key -1 c
 43DD                    .dbend
 43DD                    .dbfunc e rti_each _rti_each fV
 43DD            _rti_each::
 43DD                    .dbline -1
 43DD                    .dbline 61
 43DD                    .dbline -2
 43DD                    .dbline 63
 43DD            L77:
 43DD                    .dbline 0 ; func end
 43DD  3D                rts
 43DE                    .dbend
 43DE                    .dbfunc e rti_each_quarter _rti_each_quarter fV
 43DE            _rti_each_quarter::
 43DE                    .dbline -1
 43DE                    .dbline 66
 43DE                    .dbline 67
 43DE  16408F            jsr _motor_update_speed
 43E1                    .dbline -2
 43E1                    .dbline 68
 43E1            L78:
 43E1                    .dbline 0 ; func end
 43E1  3D                rts
 43E2                    .dbend
 43E2                    .dbfunc e rti_each_half _rti_each_half fV
 43E2            _rti_each_half::
 43E2                    .dbline -1
 43E2                    .dbline 71
 43E2                    .dbline -2
 43E2                    .dbline 71
 43E2            L79:
 43E2                    .dbline 0 ; func end
 43E2  3D                rts
 43E3                    .dbend
 43E3                    .dbfunc e rti_each_second _rti_each_second fV
 43E3            _rti_each_second::
 43E3                    .dbline -1
 43E3                    .dbline 74
 43E3                    .dbline -2
 43E3                    .dbline 74
 43E3            L80:
 43E3                    .dbline 0 ; func end
 43E3  3D                rts
 43E4                    .dbend
 43E4            L76:
 43E4  5075736865643A2025630A00  .byte 'P,'u,'s,'h,'e,'d,58,32,37,'c,10,0
 43F0            L75:
 43F0  44656372656173696E67207370656564  .byte 'D,'e,'c,'r,'e,'a,'s,'i,'n,'g,32,'s,'p,'e,'e,'d
 4400  20746F2025640A00  .byte 32,'t,'o,32,37,'d,10,0
 4408            L72:
 4408  496E6372656173696E67207370656564  .byte 'I,'n,'c,'r,'e,'a,'s,'i,'n,'g,32,'s,'p,'e,'e,'d
 4418  20746F2025640A00  .byte 32,'t,'o,32,37,'d,10,0
 4420            L61:
 4420  54656D70657261747572653A20256443  .byte 'T,'e,'m,'p,'e,'r,'a,'t,'u,'r,'e,58,32,37,'d,'C
 4430  00                .byte 0
 4431            L59:
 4431  53706565643A20256400      .byte 'S,'p,'e,'e,'d,58,32,37,'d,0
                        .module vectors_dp256_NoICE.c
                        .area memory(abs)
                        .org 0x3f8c
 3F8C            _interrupt_vectors::
 3F8C  F8CF              .word 63695
 3F8E  F8CF              .word 63695
 3F90  F8CF              .word 63695
 3F92  F8CF              .word 63695
 3F94  F8CF              .word 63695
 3F96  F8CF              .word 63695
 3F98  F8CF              .word 63695
 3F9A  F8CF              .word 63695
 3F9C  F8CF              .word 63695
 3F9E  F8CF              .word 63695
 3FA0  F8CF              .word 63695
 3FA2  F8CF              .word 63695
 3FA4  F8CF              .word 63695
 3FA6  F8CF              .word 63695
 3FA8  F8CF              .word 63695
 3FAA  F8CF              .word 63695
 3FAC  F8CF              .word 63695
 3FAE  F8CF              .word 63695
 3FB0  F8CF              .word 63695
 3FB2  F8CF              .word 63695
 3FB4  F8CF              .word 63695
 3FB6  F8CF              .word 63695
 3FB8  F8CF              .word 63695
 3FBA  F8CF              .word 63695
 3FBC  F8CF              .word 63695
 3FBE  F8CF              .word 63695
 3FC0  F8CF              .word 63695
 3FC2  F8CF              .word 63695
 3FC4  F8CF              .word 63695
 3FC6  F8CF              .word 63695
 3FC8  F8CF              .word 63695
 3FCA  F8CF              .word 63695
 3FCC  419F              .word _keyboard_isr
 3FCE  F8CF              .word 63695
 3FD0  F8CF              .word 63695
 3FD2  F8CF              .word 63695
 3FD4  F8CF              .word 63695
 3FD6  F8CF              .word 63695
 3FD8  F8CF              .word 63695
 3FDA  F8CF              .word 63695
 3FDC  F8CF              .word 63695
 3FDE  F8CF              .word 63695
 3FE0  F8CF              .word 63695
 3FE2  F8CF              .word 63695
 3FE4  F8CF              .word 63695
 3FE6  F8CF              .word 63695
 3FE8  F8CF              .word 63695
 3FEA  F8CF              .word 63695
 3FEC  F8CF              .word 63695
 3FEE  F8CF              .word 63695
 3FF0  4128              .word _rti_isr
 3FF2  F8CF              .word 63695
 3FF4  F8C7              .word 63687
 3FF6  F8C3              .word 63683
 3FF8  F8CB              .word 63691
 3FFA  F805              .word 63493
 3FFC  F809              .word 63497
 3FFE  4000              .word __start
 4000                    .dbfile M:\SYSC20~2\Assignments\ASSIGN~4\PART2~1\vectors_dp256_NoICE.c
 4000                    .dbsym e interrupt_vectors _interrupt_vectors A[116:58]pfV
                        .area data
--- 0000                   .dbfile M:\SYSC20~2\Assignments\ASSIGN~4\PART2~1\vectors_dp256_NoICE.c
 0000            REGBS = $0000 ; DP256 register bank base address
 0000            PORTA = REGBS+0 ;port A = Address lines A8 A15
 0001            PORTB = REGBS+1 ;port B = Address lines A0 A7
 0002            DDRA = REGBS+2 ;port A direction register
 0003            DDRB = REGBS+3 ;port A direction register
 0008            PORTE = REGBS+8 ;port E = mode,IRQandcontrolsignals
 0009            DDRE = REGBS+9 ;port E direction register
 000A            PEAR = REGBS+$A ;port E assignments
 000B            MODE = REGBS+$B ;Mode register
 000C            PUCR = REGBS+$C ;port pull-up control register
 000D            RDRIV = REGBS+$D ;port reduced drive control register
 000E            EBICTL = REGBS+$E ;E stretch control
--- 0000           
 0010            INITRM = REGBS+$10 ;Ram location register
 0011            INITRG = REGBS+$11 ;Register location register
 0012            INITEE = REGBS+$12 ;EEprom location register
 0013            MISC = REGBS+$13 ;MiscellaneoMapping control
 0014            MTST0 = REGBS+$14 ; RESERVED
 0015            ITCR = REGBS+$15 ;Interrupt test control register
 0016            ITEST = REGBS+$16 ;Interrupt test register
 0017            MTST1 = REGBS+$17 ; Reserved
--- 0000           
 001A            PARTIDH = REGBS+$1A ;Part ID high
 001B            PARTIDL = REGBS+$1B ;Part ID low
 001C            MEMSIZ0 = REGBS+$1C ;memory size
 001D            MEMSIZ1 = REGBS+$1D ;memory size
 001E            INTCR = REGBS+$1E ;interrupt control register
 001F            HPRIO = REGBS+$1F ;high priority reg
--- 0000           
 0028            BKPCT0 = REGBS+$28 ;Break control register
 0029            BKPCT1 = REGBS+$29 ;Break control register
 002A            BKP0X = REGBS+$2A ; Break 0 index register
 002B            BKP0H = REGBS+$2B ; Break 0 pointer high
 002C            BRP0L = REGBS+$2C ; Break 0 pointer low
 002D            BKP1X = REGBS+$2D ; Break 1 index register
 002E            BKP1H = REGBS+$2E ; Break 1 pointer high
 002F            BRP1L = REGBS+$2F ; Break 1 pointer low
 0030            PPAGE = REGBS+$30 ;Program Page register
--- 0000           
 0032            PORTK = REGBS+$32 ;Port K data
 0033            DDRK = REGBS+$33 ;Port K direction
 0034            SYNR = REGBS+$34 ; Synthesizer / multiplier register
 0035            REFDV = REGBS+$35 ; Reference divider register
 0036            CTFLG = REGBS+$36 ; RESERVED
 0037            CRGFLG = REGBS+$37 ; PLL flags register
 0038            CRGINT = REGBS+$38 ; PLL interrupt register
 0039            CLKSEL = REGBS+$39 ; Clock select register
 003A            PLLCTL = REGBS+$3A ; PLL control register
 003B            RTICTL = REGBS+$3B ;Real time interrupt control
 003C            COPCTL = REGBS+$3C ;Watchdog control
 003D            FORBYP = REGBS+$3D ;
 003E            CTCTL = REGBS+$3E ;
 003F            ARMCOP = REGBS+$3F ;COP reset register
--- 0000           
 0040            TIOS = REGBS+$40 ;timer input/output select
 0041            CFORC = REGBS+$41 ;timer compare force
 0042            OC7M = REGBS+$42 ;timer output compare 7 mask
 0043            OC7D = REGBS+$43 ;timer output compare 7 data
 0044            TCNT = REGBS+$44 ;timer counter register hi
 0045            *TCNT = REGBS+$45 ;timer counter register lo
 0046            TSCR = REGBS+$46 ;timer system control register
 0047            TTOV = REGBS+$47 ;reserved
 0048            TCTL1 = REGBS+$48 ;timer control register 1
 0049            TCTL2 = REGBS+$49 ;timer control register 2
 004A            TCTL3 = REGBS+$4A ;timer control register 3
 004B            TCTL4 = REGBS+$4B ;timer control register 4
 004C            TMSK1 = REGBS+$4C ;timer interrupt mask 1
 004D            TMSK2 = REGBS+$4D ;timer interrupt mask 2
 004E            TFLG1 = REGBS+$4E ;timer flags 1
 004F            TFLG2 = REGBS+$4F ;timer flags 2
 0050            TC0 = REGBS+$50 ;timer capture/comparregister 0
 0051            *TC0 = REGBS+$51 ;
 0052            TC1 = REGBS+$52 ;timer capture/comparregister 1
 0053            *TC1 = REGBS+$53 ;
 0054            TC2 = REGBS+$54 ;timer capture/comparregister 2
 0055            *TC2 = REGBS+$55 ;
 0056            TC3 = REGBS+$56 ;timer capture/comparregister 3
 0057            *TC3 = REGBS+$57 ;
 0058            TC4 = REGBS+$58 ;timer capture/comparregister 4
 0059            *TC4 = REGBS+$59 ;
 005A            TC5 = REGBS+$5A ;timer capture/comparregister 5
 005B            *TC5 = REGBS+$5B ;
 005C            TC6 = REGBS+$5C ;timer capture/comparregister 6
 005D            *TC6 = REGBS+$5D ;
 005E            TC7 = REGBS+$5E ;timer capture/comparregister 7
 005F            *TC7 = REGBS+$5F ;
 0060            PACTL = REGBS+$60 ;pulse accumulator controls
 0061            PAFLG = REGBS+$61 ;pulse accumulator flags
 0062            PACN3 = REGBS+$62 ;pulse accumulator counter 3
 0063            PACN2 = REGBS+$63 ;pulse accumulator counter 2
 0064            PACN1 = REGBS+$64 ;pulse accumulator counter 1
 0065            PACN0 = REGBS+$65 ;pulse accumulator counter 0
 0066            MCCTL = REGBS+$66 ;Modulus down conunter control
 0067            MCFLG = REGBS+$67 ;down counter flags
 0068            ICPAR = REGBS+$68 ;Input pulse accumulatocontrol
 0069            DLYCT = REGBS+$69 ;Delay count to down counter
 006A            ICOVW = REGBS+$6A ;Input control overwrite register
 006B            ICSYS = REGBS+$6B ;Input control system control
--- 0000           
 006D            TIMTST = REGBS+$6D ;timer test register
--- 0000           
 0070            PBCTL = REGBS+$70 ; Pulse accumulatoB control
 0071            PBFLG = REGBS+$71 ; Pulse accumulatoB flags
 0072            PA3H = REGBS+$72 ; Pulse Accumulatoholding regist3
 0073            PA2H = REGBS+$73 ; Pulse Accumulatoholding regist2
 0074            PA1H = REGBS+$74 ; Pulse Accumulatoholding regist1
 0075            PA0H = REGBS+$75 ; Pulse Accumulatoholding regist0
 0076            MCCNT = REGBS+$76 ; Modulus down counter register
 0077            *MCCNTL = REGBS+$77 ; low byte
 0078            TCOH = REGBS+$78 ; Capture 0 holding register
 007A            TC1H = REGBS+$7A ; Capture 1 holding register
 007C            TC2H = REGBS+$7C ; Capture 2 holding register
 007E            TC3H = REGBS+$7E ; Capture 3 holding register
--- 0000           
 0080            ATD0CTL0 = REGBS+$80 ;ADC control 0 (reserved)
 0081            ATD0CTL1 = REGBS+$81 ;ADC control 1 (reserved)
 0082            ATD0CTL2 = REGBS+$82 ;ADC control 2
 0083            ATD0CTL3 = REGBS+$83 ;ADC control 3
 0084            ATD0CTL4 = REGBS+$84 ;ADC control 4
 0085            ATD0CTL5 = REGBS+$85 ;ADC control 5
 0086            ATD0STAT = REGBS+$86 ;ADC status register hi
 0087            *ATD0STAT = REGBS+$87 ;ADC status register lo
 0088            ATD0TEST = REGBS+$88 ;ADC test (reserved)
 0089            *ATD0TEST = REGBS+$89 ;
--- 0000           
 008D            ATD0DIEN = REGBS+$8D ;
--- 0000           
 008F            PORTAD = REGBS+$8F ;port ADC = input only
 0090            ADR00H = REGBS+$90 ;ADC result 0 register
 0092            ADR01H = REGBS+$92 ;ADC result 1 register
 0094            ADR02H = REGBS+$94 ;ADC result 2 register
 0096            ADR03H = REGBS+$96 ;ADC result 3 register
 0098            ADR04H = REGBS+$98 ;ADC result 4 register
 009A            ADR05H = REGBS+$9A ;ADC result 5 register
 009C            ADR06H = REGBS+$9C ;ADC result 6 register
 009E            ADR07H = REGBS+$9E ;ADC result 7 register
--- 0000           
 00A0            PWME = REGBS+$A0 ;PWM enable
 00A1            PWMPOL = REGBS+$A1 ;PWM polarity
 00A2            PWMCLK = REGBS+$A2 ;PWM clock select register
 00A3            PWMPRCLK = REGBS+$A3 ;PWM Prescale clock select register
 00A4            PWMCAE = REGBS+$A4 ;PWM center align select register
 00A5            PWMCTL = REGBS+$A5 ;PWM control register
 00A6            PWMTST = REGBS+$A6 ;reserved
 00A7            PWMPRSC = REGBS+$A7 ;reserved
 00A8            PWMSCLA = REGBS+$A8 ;PWM Scale A
 00A9            PWMSCLB = REGBS+$A9 ;PWM scale B
 00AA            PWMSCNTA = REGBS+$AA ;reserved
 00AB            PWMSCNTB = REGBS+$AB ;reserved
 00AC            PWMCNT0 = REGBS+$AC ;PWM channel 0 counter
 00AD            PWMCNT1 = REGBS+$AD ;PWM channel 1 counter
 00AE            PWMCNT2 = REGBS+$AE ;PWM channel 2 counter
 00AF            PWMCNT3 = REGBS+$AF ;PWM channel 3 counter
 00B0            PWMCNT4 = REGBS+$B0 ;PWM channel 4 counter
 00B1            PWMCNT5 = REGBS+$B1 ;PWM channel 5 counter
 00B2            PWMCNT6 = REGBS+$B2 ;PWM channel 6 counter
 00B3            PWMCNT7 = REGBS+$B3 ;PWM channel 7 counter
 00B4            PWMPER0 = REGBS+$B4 ;PWM channel 0 period
 00B5            PWMPER1 = REGBS+$B5 ;PWM channel 1 period
 00B6            PWMPER2 = REGBS+$B6 ;PWM channel 2 period
 00B7            PWMPER3 = REGBS+$B7 ;PWM channel 3 period
 00B8            PWMPER4 = REGBS+$B8 ;PWM channel 4 period
 00B9            PWMPER5 = REGBS+$B9 ;PWM channel 5 period
 00BA            PWMPER6 = REGBS+$BA ;PWM channel 6 period
 00BB            PWMPER7 = REGBS+$BB ;PWM channel 7 period
 00BC            PWMDTY0 = REGBS+$BC ;PWM channel 0 duty cycle
 00BD            PWMDTY1 = REGBS+$BD ;PWM channel 1 duty cycle
 00BE            PWMDTY2 = REGBS+$BE ;PWM channel 2 duty cycle
 00BF            PWMDTY3 = REGBS+$BF ;PWM channel 3 duty cycle
 00C0            PWMDTY4 = REGBS+$C0 ;PWM channel 0 duty cycle
 00C1            PWMDTY5 = REGBS+$C1 ;PWM channel 1 duty cycle
 00C2            PWMDTY6 = REGBS+$C2 ;PWM channel 2 duty cycle
 00C3            PWMDTY7 = REGBS+$C3 ;PWM channel 3 duty cycle
 00C4            PWMSDN = REGBS+$C4 ;PWM shutdown register
--- 0000           
 00C8            SC0BDH = REGBS+$C8 ;sci 0 baud reg hi byte
 00C9            SC0BDL = REGBS+$C9 ;sci 0 baud reg lo byte
 00CA            SC0CR1 = REGBS+$CA ;sci 0 control1 reg
 00CB            SC0CR2 = REGBS+$CB ;sci 0 control2 reg
 00CC            SC0SR1 = REGBS+$CC ;sci 0 status reg 1
 00CD            SC0SR2 = REGBS+$CD ;sci 0 status reg 2
 00CE            SC0DRH = REGBS+$CE ;sci 0 data reg hi
 00CF            SC0DRL = REGBS+$CF ;sci 0 data reg lo
 00D0            SC1BDH = REGBS+$D0 ;sci 1 baud reg hi byte
 00D1            SC1BDL = REGBS+$D1 ;sci 1 baud reg lo byte
 00D2            SC1CR1 = REGBS+$D2 ;sci 1 control1 reg
 00D3            SC1CR2 = REGBS+$D3 ;sci 1 control2 reg
 00D4            SC1SR1 = REGBS+$D4 ;sci 1 status reg 1
 00D5            SC1SR2 = REGBS+$D5 ;sci 1 status reg 2
 00D6            SC1DRH = REGBS+$D6 ;sci 1 data reg hi
 00D7            SC1DRL = REGBS+$D7 ;sci 1 data reg lo
 00D8            SPI0CR1 = REGBS+$D8 ;spi 0 control1 reg
 00D9            SPI0CR2 = REGBS+$D9 ;spi 0 control2 reg
 00DA            SPI0BR = REGBS+$DA ;spi 0 baud reg
 00DB            SPI0SR = REGBS+$DB ;spi 0 status reg hi
--- 0000           
 00DD            SP0DR = REGBS+$DD ;spi 0 data reg
--- 0000           
 00E0            IBAD = REGBS+$E0 ;I2C Bus address register
 00E1            IBFD = REGBS+$E1 ;I2C Bus fr=ency divider
 00E2            IBCR = REGBS+$E2 ;I2C Bus control register
 00E3            IBSR = REGBS+$E3 ;I2C Bus status register
 00E4            IBDR = REGBS+$E4 ;I2C Bus message data register
--- 0000           
 00E8            DLCBCR1 = REGBS+$E8 ;BDLC Control regsiter 1
 00E9            DLCBSVR = REGBS+$E9 ;BDLC State vector register
 00EA            DLCBCR2 = REGBS+$EA ;BDLC Control register 2
 00EB            DLCBDR = REGBS+$EB ;BDLC Data register
 00EC            DLCBARD = REGBS+$EC ;BDLC Analog delay register
 00ED            DLCBRSR = REGBS+$ED ;BDLC Rate select register
 00EE            DLCSCR = REGBS+$EE ;BDLC Control register
 00EF            DLCBSTAT = REGBS+$EF ;BDLC Status register
 00F0            SPI1CR1 = REGBS+$F0 ;spi 1 control1 reg
 00F1            SPI1CR2 = REGBS+$F1 ;spi 1 control2 reg
 00F2            SPI1BR = REGBS+$F2 ;spi 1 baud reg
 00F3            SPI1SR = REGBS+$F3 ;spi 1 status reg hi
--- 0000           
 00F5            SP1DR = REGBS+$F5 ;spi 1 data reg
--- 0000           
 00F8            SPI2CR1 = REGBS+$F8 ;spi 2 control1 reg
 00F9            SPI2CR2 = REGBS+$F9 ;spi 2 control2 reg
 00FA            SPI2BR = REGBS+$FA ;spi 2 baud reg
 00FB            SPI2SR = REGBS+$FB ;spi 2 status reg hi
--- 0000           
 00FD            SP2DR = REGBS+$FD ;spi 2 data reg
--- 0000           
 0100            FCLKDIV = REGBS+$100 ;FLASH clock divider
 0101            FSEC = REGBS+$101 ;FLASH security register
--- 0000           
 0103            FCNFG = REGBS+$103 ;FLASH configuration register
 0104            FPROT = REGBS+$104 ;FLASH protection register
 0105            FSTAT = REGBS+$105 ;FLASH status register
 0106            FCMD = REGBS+$106 ;FLASH command register
--- 0000           
 0110            ECLKDIV = REGBS+$110 ;EEPROM clock divider
--- 0000           
 0113            ECNFG = REGBS+$113 ;EEPROM configuration register
 0114            EPROT = REGBS+$114 ;EEPROM protection register
 0115            ESTAT = REGBS+$115 ;EEPROM status register
 0116            ECMD = REGBS+$116 ;EEPROM command register
--- 0000           
 0120            ATD1CTL0 = REGBS+$120 ;ADC1 control 0 (reserved)
 0121            ATD1CTL1 = REGBS+$121 ;ADC1 control 1 (reserved)
 0122            ATD1CTL2 = REGBS+$122 ;ADC1 control 2
 0123            ATD1CTL3 = REGBS+$123 ;ADC1 control 3
 0124            ATD1CTL4 = REGBS+$124 ;ADC1 control 4
 0125            ATD1CTL5 = REGBS+$125 ;ADC1 control 5
 0126            ATD1STAT = REGBS+$126 ;ADC1 status register hi
 0127            *ATD1STAT = REGBS+$127 ;ADC1 status register lo
 0128            ATD1TEST = REGBS+$128 ;ADC1 test (reserved)
 0129            *ATD1TEST = REGBS+$129 ;
--- 0000           
 012D            ATDDIEN = REGBS+$12D ;ADC1 INPUT ENABLE REGISTER
--- 0000           
 012F            PORTAD1 = REGBS+$12F ;port ADC1 = input only
 0130            ADR10H = REGBS+$130 ;ADC1 result 0 register
 0132            ADR11H = REGBS+$132 ;ADC1 result 1 register
 0134            ADR12H = REGBS+$134 ;ADC1 result 2 register
 0136            ADR13H = REGBS+$136 ;ADC1 result 3 register
 0138            ADR14H = REGBS+$138 ;ADC1 result 4 register
 013A            ADR15H = REGBS+$13A ;ADC1 result 5 register
 013C            ADR16H = REGBS+$13C ;ADC1 result 6 register
 013E            ADR17H = REGBS+$13E ;ADC1 result 7 register
 0140            CAN0CTL0 = REGBS+$140 ;CAN0 control register 0
 0141            CAN0CTL1 = REGBS+$141 ;CAN0 control register 1
 0142            CAN0BTR0 = REGBS+$142 ;CAN0 bus timing register 0
 0143            CAN0BTR1 = REGBS+$143 ;CAN0 bus timing register 1
 0144            CAN0RFLG = REGBS+$144 ;CAN0 receiver flags
 0145            CAN0RIER = REGBS+$145 ;CAN0 receiver interrupt enables
 0146            CAN0TFLG = REGBS+$146 ;CAN0 transmit flags
 0147            CAN0TIER = REGBS+$147 ;CAN0 transmit interrupt enables
 0148            CAN0TARQ = REGBS+$148 ;CAN0 transmit message abort control
 0149            CAN0TAAK = REGBS+$149 ;CAN0 transmit message abort status
 014A            CAN0TBEL = REGBS+$14A ;CAN0 transmit buffer select
 014B            CAN0IDAC = REGBS+$14B ;CAN0 identfier acceptancecontrol
--- 0000           
 014E            CAN0RERR = REGBS+$14E ;CAN0 Receive error counter
 014F            CAN0TERR = REGBS+$14F ;CAN0 Transmit error counter
 0150            CAN0IDA0 = REGBS+$150 ;CAN0 Identifier acceptanceregister 0
 0151            CAN0IDA1 = REGBS+$151 ;CAN0 Identifier acceptanceregister 1
 0152            CAN0IDA2 = REGBS+$152 ;CAN0 Identifier acceptanceregister 2
 0153            CAN0IDA3 = REGBS+$153 ;CAN0 Identifier acceptanceregister 3
 0154            CAN0IDM0 = REGBS+$154 ;CAN0 Identifier mask register 0
 0155            CAN0IDM1 = REGBS+$155 ;CAN0 Identifier mask register 1
 0156            CAN0IDM2 = REGBS+$156 ;CAN0 Identifier mask register 2
 0157            CAN0IDM3 = REGBS+$157 ;CAN0 Identifier mask register 3
 0158            CAN0IDA4 = REGBS+$158 ;CAN0 Identifier acceptanceregister 4
 0159            CAN0IDA5 = REGBS+$159 ;CAN0 Identifier acceptanceregister 5
 015A            CAN0IDA6 = REGBS+$15A ;CAN0 Identifier acceptanceregister 6
 015B            CAN0IDA7 = REGBS+$15B ;CAN0 Identifier acceptanceregister 7
 015C            CAN0IDM4 = REGBS+$15C ;CAN0 Identifier mask register 4
 015D            CAN0IDM5 = REGBS+$15D ;CAN0 Identifier mask register 5
 015E            CAN0IDM6 = REGBS+$15E ;CAN0 Identifier mask register 6
 015F            CAN0IDM7 = REGBS+$15F ;CAN0 Identifier mask register 7
 0160            CAN0RXFG = REGBS+$160 ;CAN0 RX foregroundbuffer thru +$16F
 0170            CAN0TXFG = REGBS+$170 ;CAN0 TX foregroundbuffer thru +$17F
--- 0000           
 0180            CAN1CTL0 = REGBS+$180 ;CAN1 control register 0
 0181            CAN1CTL1 = REGBS+$181 ;CAN1 control register 1
 0182            CAN1BTR0 = REGBS+$182 ;CAN1 bus timing register 0
 0183            CAN1BTR1 = REGBS+$183 ;CAN1 bus timing register 1
 0184            CAN1RFLG = REGBS+$184 ;CAN1 receiver flags
 0185            CAN1RIER = REGBS+$185 ;CAN1 receiver interrupt enables
 0186            CAN1TFLG = REGBS+$186 ;CAN1 transmit flags
 0187            CAN1TIER = REGBS+$187 ;CAN1 transmit interrupt enables
 0188            CAN1TARQ = REGBS+$188 ;CAN1 transmit message abort control
 0189            CAN1TAAK = REGBS+$189 ;CAN1 transmit message abort status
 018A            CAN1TBEL = REGBS+$18A ;CAN1 transmit buffer select
 018B            CAN1IDAC = REGBS+$18B ;CAN1 identfier acceptancecontrol
--- 0000           
 018E            CAN1RERR = REGBS+$18E ;CAN1 Receive error counter
 018F            CAN1TERR = REGBS+$18F ;CAN1 Transmit error counter
 0190            CAN1IDA0 = REGBS+$190 ;CAN1 Identifier acceptanceregister 0
 0191            CAN1IDA1 = REGBS+$191 ;CAN1 Identifier acceptanceregister 1
 0192            CAN1IDA2 = REGBS+$192 ;CAN1 Identifier acceptanceregister 2
 0193            CAN1IDA3 = REGBS+$193 ;CAN1 Identifier acceptanceregister 3
 0194            CAN1IDM0 = REGBS+$194 ;CAN1 Identifier mask register 0
 0195            CAN1IDM1 = REGBS+$195 ;CAN1 Identifier mask register 1
 0196            CAN1IDM2 = REGBS+$196 ;CAN1 Identifier mask register 2
 0197            CAN1IDM3 = REGBS+$197 ;CAN1 Identifier mask register 3
 0198            CAN1IDA4 = REGBS+$198 ;CAN1 Identifier acceptanceregister 4
 0199            CAN1IDA5 = REGBS+$199 ;CAN1 Identifier acceptanceregister 5
 019A            CAN1IDA6 = REGBS+$19A ;CAN1 Identifier acceptanceregister 6
 019B            CAN1IDA7 = REGBS+$19B ;CAN1 Identifier acceptanceregister 7
 019C            CAN1IDM4 = REGBS+$19C ;CAN1 Identifier mask register 4
 019D            CAN1IDM5 = REGBS+$19D ;CAN1 Identifier mask register 5
 019E            CAN1IDM6 = REGBS+$19E ;CAN1 Identifier mask register 6
 019F            CAN1IDM7 = REGBS+$19F ;CAN1 Identifier mask register 7
 01A0            CAN1RXFG = REGBS+$1A0 ;CAN1 RX foregroundbuffer thru +$1AF
 01B0            CAN1TXFG = REGBS+$1B0 ;CAN1 TX foregroundbuffer thru +$1BF
--- 0000           
 01C0            CAN2CTL0 = REGBS+$1C0 ;CAN2 control register 0
 01C1            CAN2CTL1 = REGBS+$1C1 ;CAN2 control register 1
 01C2            CAN2BTR0 = REGBS+$1C2 ;CAN2 bus timing register 0
 01C3            CAN2BTR1 = REGBS+$1C3 ;CAN2 bus timing register 1
 01C4            CAN2RFLG = REGBS+$1C4 ;CAN2 receiver flags
 01C5            CAN2RIER = REGBS+$1C5 ;CAN2 receiver interrupt enables
 01C6            CAN2TFLG = REGBS+$1C6 ;CAN2 transmit flags
 01C7            CAN2TIER = REGBS+$1C7 ;CAN2 transmit interrupt enables
 01C8            CAN2TARQ = REGBS+$1C8 ;CAN2 transmit message abort control
 01C9            CAN2TAAK = REGBS+$1C9 ;CAN2 transmit message abort status
 01CA            CAN2TBEL = REGBS+$1CA ;CAN2 transmit buffer select
 01CB            CAN2IDAC = REGBS+$1CB ;CAN2 identfier acceptancecontrol
--- 0000           
 01CE            CAN2RERR = REGBS+$1CE ;CAN2 Receive error counter
 01CF            CAN2TERR = REGBS+$1CF ;CAN2 Transmit error counter
 01D0            CAN2IDA0 = REGBS+$1D0 ;CAN2 Identifier acceptanceregister 0
 01D1            CAN2IDA1 = REGBS+$1D1 ;CAN2 Identifier acceptanceregister 1
 01D2            CAN2IDA2 = REGBS+$1D2 ;CAN2 Identifier acceptanceregister 2
 01D3            CAN2IDA3 = REGBS+$1D3 ;CAN2 Identifier acceptanceregister 3
 01D4            CAN2IDM0 = REGBS+$1D4 ;CAN2 Identifier mask register 0
 01D5            CAN2IDM1 = REGBS+$1D5 ;CAN2 Identifier mask register 1
 01D6            CAN2IDM2 = REGBS+$1D6 ;CAN2 Identifier mask register 2
 01D7            CAN2IDM3 = REGBS+$1D7 ;CAN2 Identifier mask register 3
 01D8            CAN2IDA4 = REGBS+$1D8 ;CAN2 Identifier acceptanceregister 4
 01D9            CAN2IDA5 = REGBS+$1D9 ;CAN2 Identifier acceptanceregister 5
 01DA            CAN2IDA6 = REGBS+$1DA ;CAN2 Identifier acceptanceregister 6
 01DB            CAN2IDA7 = REGBS+$1DB ;CAN2 Identifier acceptanceregister 7
 01DC            CAN2IDM4 = REGBS+$1DC ;CAN2 Identifier mask register 4
 01DD            CAN2IDM5 = REGBS+$1DD ;CAN2 Identifier mask register 5
 01DE            CAN2IDM6 = REGBS+$1DE ;CAN2 Identifier mask register 6
 01DF            CAN2IDM7 = REGBS+$1DF ;CAN2 Identifier mask register 7
 01E0            CAN2RXFG = REGBS+$1E0 ;CAN2 RX foregroundbuffer thru +$1EF
 01F0            CAN2TXFG = REGBS+$1F0 ;CAN2 TX foregroundbuffer thru +$1FF
--- 0000           
 0200            CAN3CTL0 = REGBS+$200 ;CAN3 control register 0
 0201            CAN3CTL1 = REGBS+$201 ;CAN3 control register 1
 0202            CAN3BTR0 = REGBS+$202 ;CAN3 bus timing register 0
 0203            CAN3BTR1 = REGBS+$203 ;CAN3 bus timing register 1
 0204            CAN3RFLG = REGBS+$204 ;CAN3 receiver flags
 0205            CAN3RIER = REGBS+$205 ;CAN3 receiver interrupt enables
 0206            CAN3TFLG = REGBS+$206 ;CAN3 transmit flags
 0207            CAN3TIER = REGBS+$207 ;CAN3 transmit interrupt enables
 0208            CAN3TARQ = REGBS+$208 ;CAN3 transmit message abort control
 0209            CAN3TAAK = REGBS+$209 ;CAN3 transmit message abort status
 020A            CAN3TBEL = REGBS+$20A ;CAN3 transmit buffer select
 020B            CAN3IDAC = REGBS+$20B ;CAN3 identfier acceptancecontrol
--- 0000           
 020E            CAN3RERR = REGBS+$20E ;CAN3 Receive error counter
 020F            CAN3TERR = REGBS+$20F ;CAN3 Transmit error counter
 0210            CAN3IDA0 = REGBS+$210 ;CAN3 Identifier acceptanceregister 0
 0211            CAN3IDA1 = REGBS+$211 ;CAN3 Identifier acceptanceregister 1
 0212            CAN3IDA2 = REGBS+$212 ;CAN3 Identifier acceptanceregister 2
 0213            CAN3IDA3 = REGBS+$213 ;CAN3 Identifier acceptanceregister 3
 0214            CAN3IDM0 = REGBS+$214 ;CAN3 Identifier mask register 0
 0215            CAN3IDM1 = REGBS+$215 ;CAN3 Identifier mask register 1
 0216            CAN3IDM2 = REGBS+$216 ;CAN3 Identifier mask register 2
 0217            CAN3IDM3 = REGBS+$217 ;CAN3 Identifier mask register 3
 0218            CAN3IDA4 = REGBS+$218 ;CAN3 Identifier acceptanceregister 4
 0219            CAN3IDA5 = REGBS+$219 ;CAN3 Identifier acceptanceregister 5
 021A            CAN3IDA6 = REGBS+$21A ;CAN3 Identifier acceptanceregister 6
 021B            CAN3IDA7 = REGBS+$21B ;CAN3 Identifier acceptanceregister 7
 021C            CAN3IDM4 = REGBS+$21C ;CAN3 Identifier mask register 4
 021D            CAN3IDM5 = REGBS+$21D ;CAN3 Identifier mask register 5
 021E            CAN3IDM6 = REGBS+$21E ;CAN3 Identifier mask register 6
 021F            CAN3IDM7 = REGBS+$21F ;CAN3 Identifier mask register 7
 0220            CAN3RXFG = REGBS+$220 ;CAN3 RX foregroundbuffer thru +$22F
 0230            CAN3TXFG = REGBS+$230 ;CAN3 TX foregroundbuffer thru +$23F
--- 0000           
 0240            PTT = REGBS+$240 ;portT data register
 0241            PTIT = REGBS+$241 ;portT input register
 0242            DDRT = REGBS+$242 ;portT direction register
 0243            RDRT = REGBS+$243 ;portT reduced drive register
 0244            PERT = REGBS+$244 ;portT pull device enable
 0245            PPST = REGBS+$245 ;portT pull polarity select
--- 0000           
 0248            PTS = REGBS+$248 ;portS data register
 0249            PTIS = REGBS+$249 ;portS input register
 024A            DDRS = REGBS+$24A ;portS direction register
 024B            RDRS = REGBS+$24B ;portS reduced drive register
 024C            PERS = REGBS+$24C ;portS pull device enable
 024D            PPSS = REGBS+$24D ;portS pull polarity select
 024E            WOMS = REGBS+$24E ;portS Wired Or mode register
--- 0000           
 0250            PTM = REGBS+$250 ;portM data register
 0251            PTIM = REGBS+$251 ;portM input register
 0252            DDRM = REGBS+$252 ;portM direction register
 0253            RDRM = REGBS+$253 ;portM reduced drive register
 0254            PERM = REGBS+$254 ;portM pull device enable
 0255            PPSM = REGBS+$255 ;portM pull polarity select
 0256            WOMM = REGBS+$256 ;portM Wired Or mode register
 0257            MODRR = REGBS+$257 ;portM Module routing register
 0258            PTP = REGBS+$258 ;portP data register
 0259            PTIP = REGBS+$259 ;portP input register
 025A            DDRP = REGBS+$25A ;portP direction register
 025B            RDRP = REGBS+$25B ;portP reduced drive register
 025C            PERP = REGBS+$25C ;portP pull device enable
 025D            PPSP = REGBS+$25D ;portP pull polarity select
 025E            PIEP = REGBS+$25E ;portP interrupt enable register
 025F            PIFP = REGBS+$25F ;portP interrupt flag register
 0260            PTH = REGBS+$260 ;portH data register
 0261            PTIH = REGBS+$261 ;portH input register
 0262            DDRH = REGBS+$262 ;portH direction register
 0263            RDRH = REGBS+$263 ;portH reduced drive register
 0264            PERH = REGBS+$264 ;portH pull device enable
 0265            PPSH = REGBS+$265 ;portH pull polarity select
 0266            PIEH = REGBS+$266 ;portH interrupt enable register
 0267            PIFH = REGBS+$267 ;portH interrupt flag register
 0268            PTJ = REGBS+$268 ;portP data register
 0269            PTIJ = REGBS+$269 ;portP input register
 026A            DDRJ = REGBS+$26A ;portP direction register
 026B            RDRJ = REGBS+$26B ;portP reduced drive register
 026C            PERJ = REGBS+$26C ;portP pull device enable
 026D            PPSJ = REGBS+$26D ;portP pull polarity select
 026E            PIEJ = REGBS+$26E ;portP interrupt enable register
 026F            PIFJ = REGBS+$26F ;portP interrupt flag register
--- 0000           
 0280            CAN4CTL0 = REGBS+$280 ;CAN4 control register 0
 0281            CAN4CTL1 = REGBS+$281 ;CAN4 control register 1
 0282            CAN4BTR0 = REGBS+$282 ;CAN4 bus timing register 0
 0283            CAN4BTR1 = REGBS+$283 ;CAN4 bus timing register 1
 0284            CAN4RFLG = REGBS+$284 ;CAN4 receiver flags
 0285            CAN4RIER = REGBS+$285 ;CAN4 receiver interrupt enables
 0286            CAN4TFLG = REGBS+$286 ;CAN4 transmit flags
 0287            CAN4TIER = REGBS+$287 ;CAN4 transmit interrupt enables
 0288            CAN4TARQ = REGBS+$288 ;CAN4 transmit message abort control
 0289            CAN4TAAK = REGBS+$289 ;CAN4 transmit message abort status
 028A            CAN4TBEL = REGBS+$28A ;CAN4 transmit buffer select
 028B            CAN4IDAC = REGBS+$28B ;CAN4 identfier acceptancecontrol
--- 0000           
 028E            CAN4RERR = REGBS+$28E ;CAN4 Receive error counter
 028F            CAN4TERR = REGBS+$28F ;CAN4 Transmit error counter
 0290            CAN4IDA0 = REGBS+$290 ;CAN4 Identifier acceptanceregister 0
 0291            CAN4IDA1 = REGBS+$291 ;CAN4 Identifier acceptanceregister 1
 0292            CAN4IDA2 = REGBS+$292 ;CAN4 Identifier acceptanceregister 2
 0293            CAN4IDA3 = REGBS+$293 ;CAN4 Identifier acceptanceregister 3
 0294            CAN4IDM0 = REGBS+$294 ;CAN4 Identifier mask register 0
 0295            CAN4IDM1 = REGBS+$295 ;CAN4 Identifier mask register 1
 0296            CAN4IDM2 = REGBS+$296 ;CAN4 Identifier mask register 2
 0297            CAN4IDM3 = REGBS+$297 ;CAN4 Identifier mask register 3
 0298            CAN4IDA4 = REGBS+$298 ;CAN4 Identifier acceptanceregister 4
 0299            CAN4IDA5 = REGBS+$299 ;CAN4 Identifier acceptanceregister 5
 029A            CAN4IDA6 = REGBS+$29A ;CAN4 Identifier acceptanceregister 6
 029B            CAN4IDA7 = REGBS+$29B ;CAN4 Identifier acceptanceregister 7
 029C            CAN4IDM4 = REGBS+$29C ;CAN4 Identifier mask register 4
 029D            CAN4IDM5 = REGBS+$29D ;CAN4 Identifier mask register 5
 029E            CAN4IDM6 = REGBS+$29E ;CAN4 Identifier mask register 6
 029F            CAN4IDM7 = REGBS+$29F ;CAN4 Identifier mask register 7
 02A0            CAN4RXFG = REGBS+$2A0 ;CAN4 RX foregroundbuffer thru +$2AF
 02B0            CAN4TXFG = REGBS+$2B0 ;CAN4 TX foregroundbuffer thru +$2BF
--- 0000           
--- 0000           ; ========================================================
--- 0000           ;	basicLCD	Include file with minimal support 
--- 0000           ;			for LCD
--- 0000           ;	Requires : dp256reg.asm
--- 0000           ;
--- 0000           ;	Hacked from Lcd_2PP.asm:     L  Parallel Lcd Driver 
--- 0000           ;         Version:       1.0   Released 11/01/2002
--- 0000           ;          Author:       Gary Karnes , Axiom Manufacturing
--- 0000           ;        Compiler:       Asm12
--- 0000           ;        Platform:       CML12S & PROJECT BOARD 
--- 0000           ;
--- 0000           ; ========================================================
--- 0000           ;
--- 0000           ; Equates
 0001           U21_N = $01           ; LCD unused pin
 0002           LCD_RW = $02          ; LCD RW select (PT1)
 0004           LCD_RS = $04          ; LCD RS select	(PT2)
 0008           LCD_EN = $08          ; LCD EN select	(PT3)
 0080           U21_EN = $80
--- 0000           
 443B            _LCD_instruction::
 443B  3B                 pshd
 443C  34                 pshx
 443D  35                 pshy
 443E  180F               tba
 4440  1644B5             jsr LD2PP_Instruction
 4443  31                 puly
 4444  30                 pulx
 4445  3A                 puld
 4446  3D                 rts
 4447            _LCD_display::
 4447  3B                 pshd
 4448  34                 pshx
 4449  35                 pshy
 444A  180F               tba
 444C  1644AD             jsr LCD2PP_Data
 444F  31                 puly
 4450  30                 pulx
 4451  3A                 puld
 4452  3D                 rts
 4453                     
 4453            ;-----------
 4453            _Lcd2PP_Init::
 4453  3B                 pshd
 4454  34                 pshx
 4455  35                 pshy
 4456  16445D             jsr Lcd2PP_Init
 4459  31                 puly
 445A  30                 pulx
 445B  3A                 puld
 445C  3D                 rts    
 445D                      
 445D            Lcd2PP_Init:	; Note : Use 4-bit init sequence (not 8-bit)  Page 3 LCD_spec.pdf
 445D            		; Bottom table contains sequence of instructions
 445D            		; Each row in the table represents one WRITE to the LCD instruction register (via Port P)
 445D            		;	First instruction involves only a 4-bit instruction (one WRITE)
 445D            		;	Following instructions involve 8 bit instruction, therefore
 445D            		;		2 * 4-bit writes
 445D            
 445D            	; "System init"
 445D            	; Setup Port T for output
 445D  180B0F0242           movb #$0F,DDRT        ; setup port T
 4462  180B000240           movb #$00,PTT         ; all low
 4467                    ; Disable SPI AND setup SPI1 as four output bits
 4467  1C025A0F                bset  DDRP,#$0F           ; set P0-3 as outputs
 446B  1D00F040            bclr  SPI1CR1,#$40    ; Disable SP by turning SPI1 off
 446F            
 446F  180BFE0252           movb #$FE,DDRM        ; set PM1-7 as outputs
 4474  180B000250           movb #$00,PTM         ; D.P.(PM2) = Off, U7_EN(PM3)= low,
 4479                                            ; SS0*(PM4), SS1*(PM5), SS2*(PM6) = Low
 4479                                            ; Heat(PM7) = Off
 4479            
 4479  1D02400E            bclr    PTT,LCD_RW+LCD_RS+LCD_EN  ; select lcd commands Cs=0 En=0
 447D            
 447D  1644FB              jsr      DELAY50M
 4480  8602                ldaa     #$02         ; Set to 4-bit operation (0010)
 4482  1644C1              jsr      LCD2PP_4     ; This first instruction is only 4 bits long!!!  Rest are 8 bits.  
 4485  1644FB              jsr      DELAY50M
 4488            
 4488                    ;  ldaa     #$2c                ; Function Set = 001(D/L)NF** where D/L = 0(4-bit) N=1(2-lines) F=0(font=5x7 dots)
 4488  8628                ldaa     #$28         ; Function Set = 001(D/L)NF** where D/L = 0(4-bit) N=1(2-lines) F=0(font=5x7 dots)
 448A  1644B5              jsr      LD2PP_Instruction         
 448D  164509              jsr      DELAY10M         
 4490            
 4490  860E                ldaa      #$0e        ; Display On/off Control = 00001DCB where D=1(display on) C=1(cursor on) B=0 (blink off)
 4492  1644B5              jsr      LD2PP_Instruction          
 4495  164509              jsr      DELAY10M          
 4498                            
 4498  8601                ldaa     #$01         ; Clear display = 00000001
 449A  1644B5              jsr      LD2PP_Instruction           
 449D  164504              jsr      DELAY20M          
 44A0  8680                ldaa     #$80         ; DDRAM Address Set = 01xxxxxx where xxxxxx = address
 44A2  1644B5              jsr      LD2PP_Instruction
 44A5  164509              jsr      DELAY10M        
 44A8            
 44A8            ; Reset Lcd states to rest
 44A8  1D02400E           bclr    PTT,LCD_RS+LCD_RW+LCD_EN ; turn all signals off on lcd
 44AC  3D                  rts
 44AD            ;
 44AD            ;-----------------------------------------------
 44AD            ; Lcd Routines
 44AD            ;
 44AD            ; Write a byte to the LCD Data Register
 44AD            LCD2PP_Data:
 44AD  1C024004        bset  PTT,LCD_RS     ; select lcd data buffer RS=1
 44B1  1644EE          jsr   LCD_W_8        ; write byte
 44B4  3D              rts
 44B5            
 44B5            ; Write a byte to the LCD Instruction Register (leaves LCD in Data mode)
 44B5            LD2PP_Instruction:
 44B5  1D024004          bclr   PTT,LCD_RS        ; select lcd command buffer
 44B9  1644EE            jsr    LCD_W_8           ; wait
 44BC  1C024004          bset   PTT,LCD_RS        ; select data buffer
 44C0  3D                rts
 44C1            
 44C1            LCD2PP_4:			; Destroys a and b
 44C1  1C024880           bset   PTS,#U21_EN     ; set U21_EN high so that latch becomes transparent
 44C5  164512             jsr      DELAY1MS      ; delay     
 44C8  F60258             ldab     PTP              ; Port P
 44CB  C4F0               andb     #$f0             ; get only bits 4 - 7
 44CD  840F               anda     #$0f             ; get data
 44CF  1806               aba
 44D1  7A0258             staa     PTP              ; save data 
 44D4                    ; For LCD's write cycle, Enable must pulse high and then low (for specified time)
 44D4  1D024008           bclr     PTT,LCD_EN       ; enable low
 44D8  164512             jsr      DELAY1MS         ; delay for LCD
 44DB  1C024008           bset     PTT,LCD_EN       ; latch data
 44DF  164512             jsr      DELAY1MS         ; delay for LCD 
 44E2  1D024008           bclr     PTT,LCD_EN           ; enable low
 44E6  164512             jsr      DELAY1MS
 44E9  1D024880           bclr  PTS,#U21_EN    ; set U21_EN low to isolate LCD from parallel control (outputs are latched)
 44ED  3D                 rts
 44EE            ;
 44EE            ;
 44EE            ; Lcd Write 8 bit Data , lower 4 bits first in acc A   (Destroys A)
 44EE            LCD_W_8:					
 44EE  36                 psha                     ; save a 
 44EF  44                 lsra                     ; shift upper 4 bits to lower
 44F0  44                 lsra
 44F1  44                 lsra
 44F2  44                 lsra
 44F3  1644C1             jsr      LCD2PP_4        ; write upper 4 bits to lcd
 44F6  32                 pula
 44F7  1644C1             jsr      LCD2PP_4         ; write lower 4 bits to lcd
 44FA  3D                 rts
 44FB                                                    
 44FB            
 44FB            ;
 44FB            ; Delay routines
 44FB            ;
 44FB            ;
 44FB            ; Generate a 50 ms delay
 44FB            DELAY50M:
 44FB  34                  pshx
 44FC  CEC34E              ldx  #49998      ; delay 50,000 usecs,
 44FF  16451B              jsr  DELML01     ; call usec delay
 4502  30                  pulx
 4503  3D                  rts
 4504            ;
 4504            ;
 4504            ; Generate a 20 ms delay
 4504            DELAY20M:
 4504  0703                bsr  DELAY10M
 4506  0701                bsr  DELAY10M 
 4508  3D                  rts
 4509            ;
 4509            ; Generate a 10 ms delay
 4509            DELAY10M:                            ; jsr=4cyles
 4509  34                  pshx             ; 2 cycles ,save x
 450A  CE270E              ldx  #9998       ; 2 cycles,delay 9998 usec + 2 for this routine
 450D  16451B              jsr  DELML01     ; call usec delay, this delay offset in sub
 4510  30                  pulx             ; 3 cycles restore x
 4511  3D                  rts              ; 5 cycles
 4512            ;
 4512            ;
 4512            ; Generate a 1 ms delay
 4512            DELAY1MS:
 4512                                       ; jsr=4cyles
 4512  34                  pshx             ; 2 cycles ,save x
 4513  CE03E6              ldx  #998       ; 2 cycles,delay 9998 usec + 2 for this routine
 4516  16451B              jsr  DELML01     ; call usec delay, this delay offset in sub
 4519  30                  pulx             ; 3 cycles restore x
 451A  3D                  rts              ; 5 cycles
 451B            
 451B            
 451B            ;
 451B            ; 8 cycles = 1 usec e = 8mhz
 451B            DELML01:
 451B  A7                  nop              ; 1 cycle
 451C  A7                  nop              ; 1 cycle
 451D  A7                  nop              ; 1 cycle
 451E  A7                  nop              ; 1 cycle
 451F  09                  dex              ; 1 cycle 
 4520  26F9                bne   DELML01    ; 3 cycles
 4522  3D                  rts              ; 5 cycles
