 0000            REGBS = $0000 ; DP256 register bank base address
 0000            PORTA = REGBS+0 ;port A = Address lines A8 A15
 0001            PORTB = REGBS+1 ;port B = Address lines A0 A7
 0002            DDRA = REGBS+2 ;port A direction register
 0003            DDRB = REGBS+3 ;port A direction register
 0008            PORTE = REGBS+8 ;port E = mode,IRQandcontrolsignals
 0009            DDRE = REGBS+9 ;port E direction register
 000A            PEAR = REGBS+$A ;port E assignments
 000B            MODE = REGBS+$B ;Mode register
 000C            PUCR = REGBS+$C ;port pull-up control register
 000D            RDRIV = REGBS+$D ;port reduced drive control register
 000E            EBICTL = REGBS+$E ;E stretch control
 0000           
 0010            INITRM = REGBS+$10 ;Ram location register
 0011            INITRG = REGBS+$11 ;Register location register
 0012            INITEE = REGBS+$12 ;EEprom location register
 0013            MISC = REGBS+$13 ;MiscellaneoMapping control
 0014            MTST0 = REGBS+$14 ; RESERVED
 0015            ITCR = REGBS+$15 ;Interrupt test control register
 0016            ITEST = REGBS+$16 ;Interrupt test register
 0017            MTST1 = REGBS+$17 ; Reserved
 0000           
 001A            PARTIDH = REGBS+$1A ;Part ID high
 001B            PARTIDL = REGBS+$1B ;Part ID low
 001C            MEMSIZ0 = REGBS+$1C ;memory size
 001D            MEMSIZ1 = REGBS+$1D ;memory size
 001E            INTCR = REGBS+$1E ;interrupt control register
 001F            HPRIO = REGBS+$1F ;high priority reg
 0000           
 0028            BKPCT0 = REGBS+$28 ;Break control register
 0029            BKPCT1 = REGBS+$29 ;Break control register
 002A            BKP0X = REGBS+$2A ; Break 0 index register
 002B            BKP0H = REGBS+$2B ; Break 0 pointer high
 002C            BRP0L = REGBS+$2C ; Break 0 pointer low
 002D            BKP1X = REGBS+$2D ; Break 1 index register
 002E            BKP1H = REGBS+$2E ; Break 1 pointer high
 002F            BRP1L = REGBS+$2F ; Break 1 pointer low
 0030            PPAGE = REGBS+$30 ;Program Page register
 0000           
 0032            PORTK = REGBS+$32 ;Port K data
 0033            DDRK = REGBS+$33 ;Port K direction
 0034            SYNR = REGBS+$34 ; Synthesizer / multiplier register
 0035            REFDV = REGBS+$35 ; Reference divider register
 0036            CTFLG = REGBS+$36 ; RESERVED
 0037            CRGFLG = REGBS+$37 ; PLL flags register
 0038            CRGINT = REGBS+$38 ; PLL interrupt register
 0039            CLKSEL = REGBS+$39 ; Clock select register
 003A            PLLCTL = REGBS+$3A ; PLL control register
 003B            RTICTL = REGBS+$3B ;Real time interrupt control
 003C            COPCTL = REGBS+$3C ;Watchdog control
 003D            FORBYP = REGBS+$3D ;
 003E            CTCTL = REGBS+$3E ;
 003F            ARMCOP = REGBS+$3F ;COP reset register
 0000           
 0040            TIOS = REGBS+$40 ;timer input/output select
 0041            CFORC = REGBS+$41 ;timer compare force
 0042            OC7M = REGBS+$42 ;timer output compare 7 mask
 0043            OC7D = REGBS+$43 ;timer output compare 7 data
 0044            TCNT = REGBS+$44 ;timer counter register hi
 0045            *TCNT = REGBS+$45 ;timer counter register lo
 0046            TSCR = REGBS+$46 ;timer system control register
 0047            TTOV = REGBS+$47 ;reserved
 0048            TCTL1 = REGBS+$48 ;timer control register 1
 0049            TCTL2 = REGBS+$49 ;timer control register 2
 004A            TCTL3 = REGBS+$4A ;timer control register 3
 004B            TCTL4 = REGBS+$4B ;timer control register 4
 004C            TMSK1 = REGBS+$4C ;timer interrupt mask 1
 004D            TMSK2 = REGBS+$4D ;timer interrupt mask 2
 004E            TFLG1 = REGBS+$4E ;timer flags 1
 004F            TFLG2 = REGBS+$4F ;timer flags 2
 0050            TC0 = REGBS+$50 ;timer capture/comparregister 0
 0051            *TC0 = REGBS+$51 ;
 0052            TC1 = REGBS+$52 ;timer capture/comparregister 1
 0053            *TC1 = REGBS+$53 ;
 0054            TC2 = REGBS+$54 ;timer capture/comparregister 2
 0055            *TC2 = REGBS+$55 ;
 0056            TC3 = REGBS+$56 ;timer capture/comparregister 3
 0057            *TC3 = REGBS+$57 ;
 0058            TC4 = REGBS+$58 ;timer capture/comparregister 4
 0059            *TC4 = REGBS+$59 ;
 005A            TC5 = REGBS+$5A ;timer capture/comparregister 5
 005B            *TC5 = REGBS+$5B ;
 005C            TC6 = REGBS+$5C ;timer capture/comparregister 6
 005D            *TC6 = REGBS+$5D ;
 005E            TC7 = REGBS+$5E ;timer capture/comparregister 7
 005F            *TC7 = REGBS+$5F ;
 0060            PACTL = REGBS+$60 ;pulse accumulator controls
 0061            PAFLG = REGBS+$61 ;pulse accumulator flags
 0062            PACN3 = REGBS+$62 ;pulse accumulator counter 3
 0063            PACN2 = REGBS+$63 ;pulse accumulator counter 2
 0064            PACN1 = REGBS+$64 ;pulse accumulator counter 1
 0065            PACN0 = REGBS+$65 ;pulse accumulator counter 0
 0066            MCCTL = REGBS+$66 ;Modulus down conunter control
 0067            MCFLG = REGBS+$67 ;down counter flags
 0068            ICPAR = REGBS+$68 ;Input pulse accumulatocontrol
 0069            DLYCT = REGBS+$69 ;Delay count to down counter
 006A            ICOVW = REGBS+$6A ;Input control overwrite register
 006B            ICSYS = REGBS+$6B ;Input control system control
 0000           
 006D            TIMTST = REGBS+$6D ;timer test register
 0000           
 0070            PBCTL = REGBS+$70 ; Pulse accumulatoB control
 0071            PBFLG = REGBS+$71 ; Pulse accumulatoB flags
 0072            PA3H = REGBS+$72 ; Pulse Accumulatoholding regist3
 0073            PA2H = REGBS+$73 ; Pulse Accumulatoholding regist2
 0074            PA1H = REGBS+$74 ; Pulse Accumulatoholding regist1
 0075            PA0H = REGBS+$75 ; Pulse Accumulatoholding regist0
 0076            MCCNT = REGBS+$76 ; Modulus down counter register
 0077            *MCCNTL = REGBS+$77 ; low byte
 0078            TCOH = REGBS+$78 ; Capture 0 holding register
 007A            TC1H = REGBS+$7A ; Capture 1 holding register
 007C            TC2H = REGBS+$7C ; Capture 2 holding register
 007E            TC3H = REGBS+$7E ; Capture 3 holding register
 0000           
 0080            ATD0CTL0 = REGBS+$80 ;ADC control 0 (reserved)
 0081            ATD0CTL1 = REGBS+$81 ;ADC control 1 (reserved)
 0082            ATD0CTL2 = REGBS+$82 ;ADC control 2
 0083            ATD0CTL3 = REGBS+$83 ;ADC control 3
 0084            ATD0CTL4 = REGBS+$84 ;ADC control 4
 0085            ATD0CTL5 = REGBS+$85 ;ADC control 5
 0086            ATD0STAT = REGBS+$86 ;ADC status register hi
 0087            *ATD0STAT = REGBS+$87 ;ADC status register lo
 0088            ATD0TEST = REGBS+$88 ;ADC test (reserved)
 0089            *ATD0TEST = REGBS+$89 ;
 0000           
 008D            ATD0DIEN = REGBS+$8D ;
 0000           
 008F            PORTAD = REGBS+$8F ;port ADC = input only
 0090            ADR00H = REGBS+$90 ;ADC result 0 register
 0092            ADR01H = REGBS+$92 ;ADC result 1 register
 0094            ADR02H = REGBS+$94 ;ADC result 2 register
 0096            ADR03H = REGBS+$96 ;ADC result 3 register
 0098            ADR04H = REGBS+$98 ;ADC result 4 register
 009A            ADR05H = REGBS+$9A ;ADC result 5 register
 009C            ADR06H = REGBS+$9C ;ADC result 6 register
 009E            ADR07H = REGBS+$9E ;ADC result 7 register
 0000           
 00A0            PWME = REGBS+$A0 ;PWM enable
 00A1            PWMPOL = REGBS+$A1 ;PWM polarity
 00A2            PWMCLK = REGBS+$A2 ;PWM clock select register
 00A3            PWMPRCLK = REGBS+$A3 ;PWM Prescale clock select register
 00A4            PWMCAE = REGBS+$A4 ;PWM center align select register
 00A5            PWMCTL = REGBS+$A5 ;PWM control register
 00A6            PWMTST = REGBS+$A6 ;reserved
 00A7            PWMPRSC = REGBS+$A7 ;reserved
 00A8            PWMSCLA = REGBS+$A8 ;PWM Scale A
 00A9            PWMSCLB = REGBS+$A9 ;PWM scale B
 00AA            PWMSCNTA = REGBS+$AA ;reserved
 00AB            PWMSCNTB = REGBS+$AB ;reserved
 00AC            PWMCNT0 = REGBS+$AC ;PWM channel 0 counter
 00AD            PWMCNT1 = REGBS+$AD ;PWM channel 1 counter
 00AE            PWMCNT2 = REGBS+$AE ;PWM channel 2 counter
 00AF            PWMCNT3 = REGBS+$AF ;PWM channel 3 counter
 00B0            PWMCNT4 = REGBS+$B0 ;PWM channel 4 counter
 00B1            PWMCNT5 = REGBS+$B1 ;PWM channel 5 counter
 00B2            PWMCNT6 = REGBS+$B2 ;PWM channel 6 counter
 00B3            PWMCNT7 = REGBS+$B3 ;PWM channel 7 counter
 00B4            PWMPER0 = REGBS+$B4 ;PWM channel 0 period
 00B5            PWMPER1 = REGBS+$B5 ;PWM channel 1 period
 00B6            PWMPER2 = REGBS+$B6 ;PWM channel 2 period
 00B7            PWMPER3 = REGBS+$B7 ;PWM channel 3 period
 00B8            PWMPER4 = REGBS+$B8 ;PWM channel 4 period
 00B9            PWMPER5 = REGBS+$B9 ;PWM channel 5 period
 00BA            PWMPER6 = REGBS+$BA ;PWM channel 6 period
 00BB            PWMPER7 = REGBS+$BB ;PWM channel 7 period
 00BC            PWMDTY0 = REGBS+$BC ;PWM channel 0 duty cycle
 00BD            PWMDTY1 = REGBS+$BD ;PWM channel 1 duty cycle
 00BE            PWMDTY2 = REGBS+$BE ;PWM channel 2 duty cycle
 00BF            PWMDTY3 = REGBS+$BF ;PWM channel 3 duty cycle
 00C0            PWMDTY4 = REGBS+$C0 ;PWM channel 0 duty cycle
 00C1            PWMDTY5 = REGBS+$C1 ;PWM channel 1 duty cycle
 00C2            PWMDTY6 = REGBS+$C2 ;PWM channel 2 duty cycle
 00C3            PWMDTY7 = REGBS+$C3 ;PWM channel 3 duty cycle
 00C4            PWMSDN = REGBS+$C4 ;PWM shutdown register
 0000           
 00C8            SC0BDH = REGBS+$C8 ;sci 0 baud reg hi byte
 00C9            SC0BDL = REGBS+$C9 ;sci 0 baud reg lo byte
 00CA            SC0CR1 = REGBS+$CA ;sci 0 control1 reg
 00CB            SC0CR2 = REGBS+$CB ;sci 0 control2 reg
 00CC            SC0SR1 = REGBS+$CC ;sci 0 status reg 1
 00CD            SC0SR2 = REGBS+$CD ;sci 0 status reg 2
 00CE            SC0DRH = REGBS+$CE ;sci 0 data reg hi
 00CF            SC0DRL = REGBS+$CF ;sci 0 data reg lo
 00D0            SC1BDH = REGBS+$D0 ;sci 1 baud reg hi byte
 00D1            SC1BDL = REGBS+$D1 ;sci 1 baud reg lo byte
 00D2            SC1CR1 = REGBS+$D2 ;sci 1 control1 reg
 00D3            SC1CR2 = REGBS+$D3 ;sci 1 control2 reg
 00D4            SC1SR1 = REGBS+$D4 ;sci 1 status reg 1
 00D5            SC1SR2 = REGBS+$D5 ;sci 1 status reg 2
 00D6            SC1DRH = REGBS+$D6 ;sci 1 data reg hi
 00D7            SC1DRL = REGBS+$D7 ;sci 1 data reg lo
 00D8            SPI0CR1 = REGBS+$D8 ;spi 0 control1 reg
 00D9            SPI0CR2 = REGBS+$D9 ;spi 0 control2 reg
 00DA            SPI0BR = REGBS+$DA ;spi 0 baud reg
 00DB            SPI0SR = REGBS+$DB ;spi 0 status reg hi
 0000           
 00DD            SP0DR = REGBS+$DD ;spi 0 data reg
 0000           
 00E0            IBAD = REGBS+$E0 ;I2C Bus address register
 00E1            IBFD = REGBS+$E1 ;I2C Bus fr=ency divider
 00E2            IBCR = REGBS+$E2 ;I2C Bus control register
 00E3            IBSR = REGBS+$E3 ;I2C Bus status register
 00E4            IBDR = REGBS+$E4 ;I2C Bus message data register
 0000           
 00E8            DLCBCR1 = REGBS+$E8 ;BDLC Control regsiter 1
 00E9            DLCBSVR = REGBS+$E9 ;BDLC State vector register
 00EA            DLCBCR2 = REGBS+$EA ;BDLC Control register 2
 00EB            DLCBDR = REGBS+$EB ;BDLC Data register
 00EC            DLCBARD = REGBS+$EC ;BDLC Analog delay register
 00ED            DLCBRSR = REGBS+$ED ;BDLC Rate select register
 00EE            DLCSCR = REGBS+$EE ;BDLC Control register
 00EF            DLCBSTAT = REGBS+$EF ;BDLC Status register
 00F0            SPI1CR1 = REGBS+$F0 ;spi 1 control1 reg
 00F1            SPI1CR2 = REGBS+$F1 ;spi 1 control2 reg
 00F2            SPI1BR = REGBS+$F2 ;spi 1 baud reg
 00F3            SPI1SR = REGBS+$F3 ;spi 1 status reg hi
 0000           
 00F5            SP1DR = REGBS+$F5 ;spi 1 data reg
 0000           
 00F8            SPI2CR1 = REGBS+$F8 ;spi 2 control1 reg
 00F9            SPI2CR2 = REGBS+$F9 ;spi 2 control2 reg
 00FA            SPI2BR = REGBS+$FA ;spi 2 baud reg
 00FB            SPI2SR = REGBS+$FB ;spi 2 status reg hi
 0000           
 00FD            SP2DR = REGBS+$FD ;spi 2 data reg
 0000           
 0100            FCLKDIV = REGBS+$100 ;FLASH clock divider
 0101            FSEC = REGBS+$101 ;FLASH security register
 0000           
 0103            FCNFG = REGBS+$103 ;FLASH configuration register
 0104            FPROT = REGBS+$104 ;FLASH protection register
 0105            FSTAT = REGBS+$105 ;FLASH status register
 0106            FCMD = REGBS+$106 ;FLASH command register
 0000           
 0110            ECLKDIV = REGBS+$110 ;EEPROM clock divider
 0000           
 0113            ECNFG = REGBS+$113 ;EEPROM configuration register
 0114            EPROT = REGBS+$114 ;EEPROM protection register
 0115            ESTAT = REGBS+$115 ;EEPROM status register
 0116            ECMD = REGBS+$116 ;EEPROM command register
 0000           
 0120            ATD1CTL0 = REGBS+$120 ;ADC1 control 0 (reserved)
 0121            ATD1CTL1 = REGBS+$121 ;ADC1 control 1 (reserved)
 0122            ATD1CTL2 = REGBS+$122 ;ADC1 control 2
 0123            ATD1CTL3 = REGBS+$123 ;ADC1 control 3
 0124            ATD1CTL4 = REGBS+$124 ;ADC1 control 4
 0125            ATD1CTL5 = REGBS+$125 ;ADC1 control 5
 0126            ATD1STAT = REGBS+$126 ;ADC1 status register hi
 0127            *ATD1STAT = REGBS+$127 ;ADC1 status register lo
 0128            ATD1TEST = REGBS+$128 ;ADC1 test (reserved)
 0129            *ATD1TEST = REGBS+$129 ;
 0000           
 012D            ATDDIEN = REGBS+$12D ;ADC1 INPUT ENABLE REGISTER
 0000           
 012F            PORTAD1 = REGBS+$12F ;port ADC1 = input only
 0130            ADR10H = REGBS+$130 ;ADC1 result 0 register
 0132            ADR11H = REGBS+$132 ;ADC1 result 1 register
 0134            ADR12H = REGBS+$134 ;ADC1 result 2 register
 0136            ADR13H = REGBS+$136 ;ADC1 result 3 register
 0138            ADR14H = REGBS+$138 ;ADC1 result 4 register
 013A            ADR15H = REGBS+$13A ;ADC1 result 5 register
 013C            ADR16H = REGBS+$13C ;ADC1 result 6 register
 013E            ADR17H = REGBS+$13E ;ADC1 result 7 register
 0140            CAN0CTL0 = REGBS+$140 ;CAN0 control register 0
 0141            CAN0CTL1 = REGBS+$141 ;CAN0 control register 1
 0142            CAN0BTR0 = REGBS+$142 ;CAN0 bus timing register 0
 0143            CAN0BTR1 = REGBS+$143 ;CAN0 bus timing register 1
 0144            CAN0RFLG = REGBS+$144 ;CAN0 receiver flags
 0145            CAN0RIER = REGBS+$145 ;CAN0 receiver interrupt enables
 0146            CAN0TFLG = REGBS+$146 ;CAN0 transmit flags
 0147            CAN0TIER = REGBS+$147 ;CAN0 transmit interrupt enables
 0148            CAN0TARQ = REGBS+$148 ;CAN0 transmit message abort control
 0149            CAN0TAAK = REGBS+$149 ;CAN0 transmit message abort status
 014A            CAN0TBEL = REGBS+$14A ;CAN0 transmit buffer select
 014B            CAN0IDAC = REGBS+$14B ;CAN0 identfier acceptancecontrol
 0000           
 014E            CAN0RERR = REGBS+$14E ;CAN0 Receive error counter
 014F            CAN0TERR = REGBS+$14F ;CAN0 Transmit error counter
 0150            CAN0IDA0 = REGBS+$150 ;CAN0 Identifier acceptanceregister 0
 0151            CAN0IDA1 = REGBS+$151 ;CAN0 Identifier acceptanceregister 1
 0152            CAN0IDA2 = REGBS+$152 ;CAN0 Identifier acceptanceregister 2
 0153            CAN0IDA3 = REGBS+$153 ;CAN0 Identifier acceptanceregister 3
 0154            CAN0IDM0 = REGBS+$154 ;CAN0 Identifier mask register 0
 0155            CAN0IDM1 = REGBS+$155 ;CAN0 Identifier mask register 1
 0156            CAN0IDM2 = REGBS+$156 ;CAN0 Identifier mask register 2
 0157            CAN0IDM3 = REGBS+$157 ;CAN0 Identifier mask register 3
 0158            CAN0IDA4 = REGBS+$158 ;CAN0 Identifier acceptanceregister 4
 0159            CAN0IDA5 = REGBS+$159 ;CAN0 Identifier acceptanceregister 5
 015A            CAN0IDA6 = REGBS+$15A ;CAN0 Identifier acceptanceregister 6
 015B            CAN0IDA7 = REGBS+$15B ;CAN0 Identifier acceptanceregister 7
 015C            CAN0IDM4 = REGBS+$15C ;CAN0 Identifier mask register 4
 015D            CAN0IDM5 = REGBS+$15D ;CAN0 Identifier mask register 5
 015E            CAN0IDM6 = REGBS+$15E ;CAN0 Identifier mask register 6
 015F            CAN0IDM7 = REGBS+$15F ;CAN0 Identifier mask register 7
 0160            CAN0RXFG = REGBS+$160 ;CAN0 RX foregroundbuffer thru +$16F
 0170            CAN0TXFG = REGBS+$170 ;CAN0 TX foregroundbuffer thru +$17F
 0000           
 0180            CAN1CTL0 = REGBS+$180 ;CAN1 control register 0
 0181            CAN1CTL1 = REGBS+$181 ;CAN1 control register 1
 0182            CAN1BTR0 = REGBS+$182 ;CAN1 bus timing register 0
 0183            CAN1BTR1 = REGBS+$183 ;CAN1 bus timing register 1
 0184            CAN1RFLG = REGBS+$184 ;CAN1 receiver flags
 0185            CAN1RIER = REGBS+$185 ;CAN1 receiver interrupt enables
 0186            CAN1TFLG = REGBS+$186 ;CAN1 transmit flags
 0187            CAN1TIER = REGBS+$187 ;CAN1 transmit interrupt enables
 0188            CAN1TARQ = REGBS+$188 ;CAN1 transmit message abort control
 0189            CAN1TAAK = REGBS+$189 ;CAN1 transmit message abort status
 018A            CAN1TBEL = REGBS+$18A ;CAN1 transmit buffer select
 018B            CAN1IDAC = REGBS+$18B ;CAN1 identfier acceptancecontrol
 0000           
 018E            CAN1RERR = REGBS+$18E ;CAN1 Receive error counter
 018F            CAN1TERR = REGBS+$18F ;CAN1 Transmit error counter
 0190            CAN1IDA0 = REGBS+$190 ;CAN1 Identifier acceptanceregister 0
 0191            CAN1IDA1 = REGBS+$191 ;CAN1 Identifier acceptanceregister 1
 0192            CAN1IDA2 = REGBS+$192 ;CAN1 Identifier acceptanceregister 2
 0193            CAN1IDA3 = REGBS+$193 ;CAN1 Identifier acceptanceregister 3
 0194            CAN1IDM0 = REGBS+$194 ;CAN1 Identifier mask register 0
 0195            CAN1IDM1 = REGBS+$195 ;CAN1 Identifier mask register 1
 0196            CAN1IDM2 = REGBS+$196 ;CAN1 Identifier mask register 2
 0197            CAN1IDM3 = REGBS+$197 ;CAN1 Identifier mask register 3
 0198            CAN1IDA4 = REGBS+$198 ;CAN1 Identifier acceptanceregister 4
 0199            CAN1IDA5 = REGBS+$199 ;CAN1 Identifier acceptanceregister 5
 019A            CAN1IDA6 = REGBS+$19A ;CAN1 Identifier acceptanceregister 6
 019B            CAN1IDA7 = REGBS+$19B ;CAN1 Identifier acceptanceregister 7
 019C            CAN1IDM4 = REGBS+$19C ;CAN1 Identifier mask register 4
 019D            CAN1IDM5 = REGBS+$19D ;CAN1 Identifier mask register 5
 019E            CAN1IDM6 = REGBS+$19E ;CAN1 Identifier mask register 6
 019F            CAN1IDM7 = REGBS+$19F ;CAN1 Identifier mask register 7
 01A0            CAN1RXFG = REGBS+$1A0 ;CAN1 RX foregroundbuffer thru +$1AF
 01B0            CAN1TXFG = REGBS+$1B0 ;CAN1 TX foregroundbuffer thru +$1BF
 0000           
 01C0            CAN2CTL0 = REGBS+$1C0 ;CAN2 control register 0
 01C1            CAN2CTL1 = REGBS+$1C1 ;CAN2 control register 1
 01C2            CAN2BTR0 = REGBS+$1C2 ;CAN2 bus timing register 0
 01C3            CAN2BTR1 = REGBS+$1C3 ;CAN2 bus timing register 1
 01C4            CAN2RFLG = REGBS+$1C4 ;CAN2 receiver flags
 01C5            CAN2RIER = REGBS+$1C5 ;CAN2 receiver interrupt enables
 01C6            CAN2TFLG = REGBS+$1C6 ;CAN2 transmit flags
 01C7            CAN2TIER = REGBS+$1C7 ;CAN2 transmit interrupt enables
 01C8            CAN2TARQ = REGBS+$1C8 ;CAN2 transmit message abort control
 01C9            CAN2TAAK = REGBS+$1C9 ;CAN2 transmit message abort status
 01CA            CAN2TBEL = REGBS+$1CA ;CAN2 transmit buffer select
 01CB            CAN2IDAC = REGBS+$1CB ;CAN2 identfier acceptancecontrol
 0000           
 01CE            CAN2RERR = REGBS+$1CE ;CAN2 Receive error counter
 01CF            CAN2TERR = REGBS+$1CF ;CAN2 Transmit error counter
 01D0            CAN2IDA0 = REGBS+$1D0 ;CAN2 Identifier acceptanceregister 0
 01D1            CAN2IDA1 = REGBS+$1D1 ;CAN2 Identifier acceptanceregister 1
 01D2            CAN2IDA2 = REGBS+$1D2 ;CAN2 Identifier acceptanceregister 2
 01D3            CAN2IDA3 = REGBS+$1D3 ;CAN2 Identifier acceptanceregister 3
 01D4            CAN2IDM0 = REGBS+$1D4 ;CAN2 Identifier mask register 0
 01D5            CAN2IDM1 = REGBS+$1D5 ;CAN2 Identifier mask register 1
 01D6            CAN2IDM2 = REGBS+$1D6 ;CAN2 Identifier mask register 2
 01D7            CAN2IDM3 = REGBS+$1D7 ;CAN2 Identifier mask register 3
 01D8            CAN2IDA4 = REGBS+$1D8 ;CAN2 Identifier acceptanceregister 4
 01D9            CAN2IDA5 = REGBS+$1D9 ;CAN2 Identifier acceptanceregister 5
 01DA            CAN2IDA6 = REGBS+$1DA ;CAN2 Identifier acceptanceregister 6
 01DB            CAN2IDA7 = REGBS+$1DB ;CAN2 Identifier acceptanceregister 7
 01DC            CAN2IDM4 = REGBS+$1DC ;CAN2 Identifier mask register 4
 01DD            CAN2IDM5 = REGBS+$1DD ;CAN2 Identifier mask register 5
 01DE            CAN2IDM6 = REGBS+$1DE ;CAN2 Identifier mask register 6
 01DF            CAN2IDM7 = REGBS+$1DF ;CAN2 Identifier mask register 7
 01E0            CAN2RXFG = REGBS+$1E0 ;CAN2 RX foregroundbuffer thru +$1EF
 01F0            CAN2TXFG = REGBS+$1F0 ;CAN2 TX foregroundbuffer thru +$1FF
 0000           
 0200            CAN3CTL0 = REGBS+$200 ;CAN3 control register 0
 0201            CAN3CTL1 = REGBS+$201 ;CAN3 control register 1
 0202            CAN3BTR0 = REGBS+$202 ;CAN3 bus timing register 0
 0203            CAN3BTR1 = REGBS+$203 ;CAN3 bus timing register 1
 0204            CAN3RFLG = REGBS+$204 ;CAN3 receiver flags
 0205            CAN3RIER = REGBS+$205 ;CAN3 receiver interrupt enables
 0206            CAN3TFLG = REGBS+$206 ;CAN3 transmit flags
 0207            CAN3TIER = REGBS+$207 ;CAN3 transmit interrupt enables
 0208            CAN3TARQ = REGBS+$208 ;CAN3 transmit message abort control
 0209            CAN3TAAK = REGBS+$209 ;CAN3 transmit message abort status
 020A            CAN3TBEL = REGBS+$20A ;CAN3 transmit buffer select
 020B            CAN3IDAC = REGBS+$20B ;CAN3 identfier acceptancecontrol
 0000           
 020E            CAN3RERR = REGBS+$20E ;CAN3 Receive error counter
 020F            CAN3TERR = REGBS+$20F ;CAN3 Transmit error counter
 0210            CAN3IDA0 = REGBS+$210 ;CAN3 Identifier acceptanceregister 0
 0211            CAN3IDA1 = REGBS+$211 ;CAN3 Identifier acceptanceregister 1
 0212            CAN3IDA2 = REGBS+$212 ;CAN3 Identifier acceptanceregister 2
 0213            CAN3IDA3 = REGBS+$213 ;CAN3 Identifier acceptanceregister 3
 0214            CAN3IDM0 = REGBS+$214 ;CAN3 Identifier mask register 0
 0215            CAN3IDM1 = REGBS+$215 ;CAN3 Identifier mask register 1
 0216            CAN3IDM2 = REGBS+$216 ;CAN3 Identifier mask register 2
 0217            CAN3IDM3 = REGBS+$217 ;CAN3 Identifier mask register 3
 0218            CAN3IDA4 = REGBS+$218 ;CAN3 Identifier acceptanceregister 4
 0219            CAN3IDA5 = REGBS+$219 ;CAN3 Identifier acceptanceregister 5
 021A            CAN3IDA6 = REGBS+$21A ;CAN3 Identifier acceptanceregister 6
 021B            CAN3IDA7 = REGBS+$21B ;CAN3 Identifier acceptanceregister 7
 021C            CAN3IDM4 = REGBS+$21C ;CAN3 Identifier mask register 4
 021D            CAN3IDM5 = REGBS+$21D ;CAN3 Identifier mask register 5
 021E            CAN3IDM6 = REGBS+$21E ;CAN3 Identifier mask register 6
 021F            CAN3IDM7 = REGBS+$21F ;CAN3 Identifier mask register 7
 0220            CAN3RXFG = REGBS+$220 ;CAN3 RX foregroundbuffer thru +$22F
 0230            CAN3TXFG = REGBS+$230 ;CAN3 TX foregroundbuffer thru +$23F
 0000           
 0240            PTT = REGBS+$240 ;portT data register
 0241            PTIT = REGBS+$241 ;portT input register
 0242            DDRT = REGBS+$242 ;portT direction register
 0243            RDRT = REGBS+$243 ;portT reduced drive register
 0244            PERT = REGBS+$244 ;portT pull device enable
 0245            PPST = REGBS+$245 ;portT pull polarity select
 0000           
 0248            PTS = REGBS+$248 ;portS data register
 0249            PTIS = REGBS+$249 ;portS input register
 024A            DDRS = REGBS+$24A ;portS direction register
 024B            RDRS = REGBS+$24B ;portS reduced drive register
 024C            PERS = REGBS+$24C ;portS pull device enable
 024D            PPSS = REGBS+$24D ;portS pull polarity select
 024E            WOMS = REGBS+$24E ;portS Wired Or mode register
 0000           
 0250            PTM = REGBS+$250 ;portM data register
 0251            PTIM = REGBS+$251 ;portM input register
 0252            DDRM = REGBS+$252 ;portM direction register
 0253            RDRM = REGBS+$253 ;portM reduced drive register
 0254            PERM = REGBS+$254 ;portM pull device enable
 0255            PPSM = REGBS+$255 ;portM pull polarity select
 0256            WOMM = REGBS+$256 ;portM Wired Or mode register
 0257            MODRR = REGBS+$257 ;portM Module routing register
 0258            PTP = REGBS+$258 ;portP data register
 0259            PTIP = REGBS+$259 ;portP input register
 025A            DDRP = REGBS+$25A ;portP direction register
 025B            RDRP = REGBS+$25B ;portP reduced drive register
 025C            PERP = REGBS+$25C ;portP pull device enable
 025D            PPSP = REGBS+$25D ;portP pull polarity select
 025E            PIEP = REGBS+$25E ;portP interrupt enable register
 025F            PIFP = REGBS+$25F ;portP interrupt flag register
 0260            PTH = REGBS+$260 ;portH data register
 0261            PTIH = REGBS+$261 ;portH input register
 0262            DDRH = REGBS+$262 ;portH direction register
 0263            RDRH = REGBS+$263 ;portH reduced drive register
 0264            PERH = REGBS+$264 ;portH pull device enable
 0265            PPSH = REGBS+$265 ;portH pull polarity select
 0266            PIEH = REGBS+$266 ;portH interrupt enable register
 0267            PIFH = REGBS+$267 ;portH interrupt flag register
 0268            PTJ = REGBS+$268 ;portP data register
 0269            PTIJ = REGBS+$269 ;portP input register
 026A            DDRJ = REGBS+$26A ;portP direction register
 026B            RDRJ = REGBS+$26B ;portP reduced drive register
 026C            PERJ = REGBS+$26C ;portP pull device enable
 026D            PPSJ = REGBS+$26D ;portP pull polarity select
 026E            PIEJ = REGBS+$26E ;portP interrupt enable register
 026F            PIFJ = REGBS+$26F ;portP interrupt flag register
 0000           
 0280            CAN4CTL0 = REGBS+$280 ;CAN4 control register 0
 0281            CAN4CTL1 = REGBS+$281 ;CAN4 control register 1
 0282            CAN4BTR0 = REGBS+$282 ;CAN4 bus timing register 0
 0283            CAN4BTR1 = REGBS+$283 ;CAN4 bus timing register 1
 0284            CAN4RFLG = REGBS+$284 ;CAN4 receiver flags
 0285            CAN4RIER = REGBS+$285 ;CAN4 receiver interrupt enables
 0286            CAN4TFLG = REGBS+$286 ;CAN4 transmit flags
 0287            CAN4TIER = REGBS+$287 ;CAN4 transmit interrupt enables
 0288            CAN4TARQ = REGBS+$288 ;CAN4 transmit message abort control
 0289            CAN4TAAK = REGBS+$289 ;CAN4 transmit message abort status
 028A            CAN4TBEL = REGBS+$28A ;CAN4 transmit buffer select
 028B            CAN4IDAC = REGBS+$28B ;CAN4 identfier acceptancecontrol
 0000           
 028E            CAN4RERR = REGBS+$28E ;CAN4 Receive error counter
 028F            CAN4TERR = REGBS+$28F ;CAN4 Transmit error counter
 0290            CAN4IDA0 = REGBS+$290 ;CAN4 Identifier acceptanceregister 0
 0291            CAN4IDA1 = REGBS+$291 ;CAN4 Identifier acceptanceregister 1
 0292            CAN4IDA2 = REGBS+$292 ;CAN4 Identifier acceptanceregister 2
 0293            CAN4IDA3 = REGBS+$293 ;CAN4 Identifier acceptanceregister 3
 0294            CAN4IDM0 = REGBS+$294 ;CAN4 Identifier mask register 0
 0295            CAN4IDM1 = REGBS+$295 ;CAN4 Identifier mask register 1
 0296            CAN4IDM2 = REGBS+$296 ;CAN4 Identifier mask register 2
 0297            CAN4IDM3 = REGBS+$297 ;CAN4 Identifier mask register 3
 0298            CAN4IDA4 = REGBS+$298 ;CAN4 Identifier acceptanceregister 4
 0299            CAN4IDA5 = REGBS+$299 ;CAN4 Identifier acceptanceregister 5
 029A            CAN4IDA6 = REGBS+$29A ;CAN4 Identifier acceptanceregister 6
 029B            CAN4IDA7 = REGBS+$29B ;CAN4 Identifier acceptanceregister 7
 029C            CAN4IDM4 = REGBS+$29C ;CAN4 Identifier mask register 4
 029D            CAN4IDM5 = REGBS+$29D ;CAN4 Identifier mask register 5
 029E            CAN4IDM6 = REGBS+$29E ;CAN4 Identifier mask register 6
 029F            CAN4IDM7 = REGBS+$29F ;CAN4 Identifier mask register 7
 02A0            CAN4RXFG = REGBS+$2A0 ;CAN4 RX foregroundbuffer thru +$2AF
 02B0            CAN4TXFG = REGBS+$2B0 ;CAN4 TX foregroundbuffer thru +$2BF
 0000           
 0000           ; ========================================================
 0000           ;	basicLCD	Include file with minimal support 
 0000           ;			for LCD
 0000           ;	Requires : dp256reg.asm
 0000           ;
 0000           ;	Hacked from Lcd_2PP.asm:     L  Parallel Lcd Driver 
 0000           ;         Version:       1.0   Released 11/01/2002
 0000           ;          Author:       Gary Karnes , Axiom Manufacturing
 0000           ;        Compiler:       Asm12
 0000           ;        Platform:       CML12S & PROJECT BOARD 
 0000           ;
 0000           ; ========================================================
 0000           ;
 0000           ; Equates
 0001           U21_N = $01           ; LCD unused pin
 0002           LCD_RW = $02          ; LCD RW select (PT1)
 0004           LCD_RS = $04          ; LCD RS select	(PT2)
 0008           LCD_EN = $08          ; LCD EN select	(PT3)
 0080           U21_EN = $80
 0000           
 0000           _LCD_instruction::
 0000 3B                 pshd
 0001 34                 pshx
 0002 35                 pshy
 0003 180F               tba
 0005 16007A             jsr LD2PP_Instruction
 0008 31                 puly
 0009 30                 pulx
 000A 3A                 puld
 000B 3D                 rts
 000C           _LCD_display::
 000C 3B                 pshd
 000D 34                 pshx
 000E 35                 pshy
 000F 180F               tba
 0011 160072             jsr LCD2PP_Data
 0014 31                 puly
 0015 30                 pulx
 0016 3A                 puld
 0017 3D                 rts
 0018                    
 0018           ;-----------
 0018           _Lcd2PP_Init::
 0018 3B                 pshd
 0019 34                 pshx
 001A 35                 pshy
 001B 160022             jsr Lcd2PP_Init
 001E 31                 puly
 001F 30                 pulx
 0020 3A                 puld
 0021 3D                 rts    
 0022                     
 0022           Lcd2PP_Init:	; Note : Use 4-bit init sequence (not 8-bit)  Page 3 LCD_spec.pdf
 0022           		; Bottom table contains sequence of instructions
 0022           		; Each row in the table represents one WRITE to the LCD instruction register (via Port P)
 0022           		;	First instruction involves only a 4-bit instruction (one WRITE)
 0022           		;	Following instructions involve 8 bit instruction, therefore
 0022           		;		2 * 4-bit writes
 0022           
 0022           	; "System init"
 0022           	; Setup Port T for output
 0022 180B0F0242           movb #$0F,DDRT        ; setup port T
 0027 180B000240           movb #$00,PTT         ; all low
 002C                   ; Disable SPI AND setup SPI1 as four output bits
 002C 1C025A0F                bset  DDRP,#$0F           ; set P0-3 as outputs
 0030 1D00F040            bclr  SPI1CR1,#$40    ; Disable SP by turning SPI1 off
 0034           
 0034 180BFE0252           movb #$FE,DDRM        ; set PM1-7 as outputs
 0039 180B000250           movb #$00,PTM         ; D.P.(PM2) = Off, U7_EN(PM3)= low,
 003E                                           ; SS0*(PM4), SS1*(PM5), SS2*(PM6) = Low
 003E                                           ; Heat(PM7) = Off
 003E           
 003E 1D02400E            bclr    PTT,LCD_RW+LCD_RS+LCD_EN  ; select lcd commands Cs=0 En=0
 0042           
 0042 1600C0              jsr      DELAY50M
 0045 8602                ldaa     #$02         ; Set to 4-bit operation (0010)
 0047 160086              jsr      LCD2PP_4     ; This first instruction is only 4 bits long!!!  Rest are 8 bits.  
 004A 1600C0              jsr      DELAY50M
 004D           
 004D                   ;  ldaa     #$2c                ; Function Set = 001(D/L)NF** where D/L = 0(4-bit) N=1(2-lines) F=0(font=5x7 dots)
 004D 8628                ldaa     #$28         ; Function Set = 001(D/L)NF** where D/L = 0(4-bit) N=1(2-lines) F=0(font=5x7 dots)
 004F 16007A              jsr      LD2PP_Instruction         
 0052 1600CE              jsr      DELAY10M         
 0055           
 0055 860E                ldaa      #$0e        ; Display On/off Control = 00001DCB where D=1(display on) C=1(cursor on) B=0 (blink off)
 0057 16007A              jsr      LD2PP_Instruction          
 005A 1600CE              jsr      DELAY10M          
 005D                           
 005D 8601                ldaa     #$01         ; Clear display = 00000001
 005F 16007A              jsr      LD2PP_Instruction           
 0062 1600C9              jsr      DELAY20M          
 0065 8680                ldaa     #$80         ; DDRAM Address Set = 01xxxxxx where xxxxxx = address
 0067 16007A              jsr      LD2PP_Instruction
 006A 1600CE              jsr      DELAY10M        
 006D           
 006D           ; Reset Lcd states to rest
 006D 1D02400E           bclr    PTT,LCD_RS+LCD_RW+LCD_EN ; turn all signals off on lcd
 0071 3D                  rts
 0072           ;
 0072           ;-----------------------------------------------
 0072           ; Lcd Routines
 0072           ;
 0072           ; Write a byte to the LCD Data Register
 0072           LCD2PP_Data:
 0072 1C024004        bset  PTT,LCD_RS     ; select lcd data buffer RS=1
 0076 1600B3          jsr   LCD_W_8        ; write byte
 0079 3D              rts
 007A           
 007A           ; Write a byte to the LCD Instruction Register (leaves LCD in Data mode)
 007A           LD2PP_Instruction:
 007A 1D024004          bclr   PTT,LCD_RS        ; select lcd command buffer
 007E 1600B3            jsr    LCD_W_8           ; wait
 0081 1C024004          bset   PTT,LCD_RS        ; select data buffer
 0085 3D                rts
 0086           
 0086           LCD2PP_4:			; Destroys a and b
 0086 1C024880           bset   PTS,#U21_EN     ; set U21_EN high so that latch becomes transparent
 008A 1600D7             jsr      DELAY1MS      ; delay     
 008D F60258             ldab     PTP              ; Port P
 0090 C4F0               andb     #$f0             ; get only bits 4 - 7
 0092 840F               anda     #$0f             ; get data
 0094 1806               aba
 0096 7A0258             staa     PTP              ; save data 
 0099                   ; For LCD's write cycle, Enable must pulse high and then low (for specified time)
 0099 1D024008           bclr     PTT,LCD_EN       ; enable low
 009D 1600D7             jsr      DELAY1MS         ; delay for LCD
 00A0 1C024008           bset     PTT,LCD_EN       ; latch data
 00A4 1600D7             jsr      DELAY1MS         ; delay for LCD 
 00A7 1D024008           bclr     PTT,LCD_EN           ; enable low
 00AB 1600D7             jsr      DELAY1MS
 00AE 1D024880           bclr  PTS,#U21_EN    ; set U21_EN low to isolate LCD from parallel control (outputs are latched)
 00B2 3D                 rts
 00B3           ;
 00B3           ;
 00B3           ; Lcd Write 8 bit Data , lower 4 bits first in acc A   (Destroys A)
 00B3           LCD_W_8:					
 00B3 36                 psha                     ; save a 
 00B4 44                 lsra                     ; shift upper 4 bits to lower
 00B5 44                 lsra
 00B6 44                 lsra
 00B7 44                 lsra
 00B8 160086             jsr      LCD2PP_4        ; write upper 4 bits to lcd
 00BB 32                 pula
 00BC 160086             jsr      LCD2PP_4         ; write lower 4 bits to lcd
 00BF 3D                 rts
 00C0                                                   
 00C0           
 00C0           ;
 00C0           ; Delay routines
 00C0           ;
 00C0           ;
 00C0           ; Generate a 50 ms delay
 00C0           DELAY50M:
 00C0 34                  pshx
 00C1 CEC34E              ldx  #49998      ; delay 50,000 usecs,
 00C4 1600E0              jsr  DELML01     ; call usec delay
 00C7 30                  pulx
 00C8 3D                  rts
 00C9           ;
 00C9           ;
 00C9           ; Generate a 20 ms delay
 00C9           DELAY20M:
 00C9 0703                bsr  DELAY10M
 00CB 0701                bsr  DELAY10M 
 00CD 3D                  rts
 00CE           ;
 00CE           ; Generate a 10 ms delay
 00CE           DELAY10M:                            ; jsr=4cyles
 00CE 34                  pshx             ; 2 cycles ,save x
 00CF CE270E              ldx  #9998       ; 2 cycles,delay 9998 usec + 2 for this routine
 00D2 1600E0              jsr  DELML01     ; call usec delay, this delay offset in sub
 00D5 30                  pulx             ; 3 cycles restore x
 00D6 3D                  rts              ; 5 cycles
 00D7           ;
 00D7           ;
 00D7           ; Generate a 1 ms delay
 00D7           DELAY1MS:
 00D7                                      ; jsr=4cyles
 00D7 34                  pshx             ; 2 cycles ,save x
 00D8 CE03E6              ldx  #998       ; 2 cycles,delay 9998 usec + 2 for this routine
 00DB 1600E0              jsr  DELML01     ; call usec delay, this delay offset in sub
 00DE 30                  pulx             ; 3 cycles restore x
 00DF 3D                  rts              ; 5 cycles
 00E0           
 00E0           
 00E0           ;
 00E0           ; 8 cycles = 1 usec e = 8mhz
 00E0           DELML01:
 00E0 A7                  nop              ; 1 cycle
 00E1 A7                  nop              ; 1 cycle
 00E2 A7                  nop              ; 1 cycle
 00E3 A7                  nop              ; 1 cycle
 00E4 09                  dex              ; 1 cycle 
 00E5 26F9                bne   DELML01    ; 3 cycles
 00E7 3D                  rts              ; 5 cycles
